Arguments: 
  /Users/mikialex/.nvm/versions/node/v10.14.1/bin/node /Users/mikialex/.yarn/bin/yarn.js add nyc

PATH: 
  /Users/mikialex/.yarn/bin:/Users/mikialex/.config/yarn/global/node_modules/.bin:/Users/mikialex/.nvm/versions/node/v10.14.1/bin:/usr/local/bin:/usr/bin:/bin:/usr/sbin:/sbin:/opt/X11/bin:/Library/TeX/texbin:/Users/mikialex/.yarn/bin:/Users/mikialex/.config/yarn/global/node_modules/.bin

Yarn version: 
  1.9.2

Node version: 
  10.14.1

Platform: 
  darwin x64

Trace: 
  Error: getaddrinfo ENOTFOUND registry.npm.taobao.org registry.npm.taobao.org:80
      at GetAddrInfoReqWrap.onlookup [as oncomplete] (dns.js:57:26)

npm manifest: 
  {
    "name": "framewatcher",
    "version": "1.0.0",
    "description": "",
    "main": "src/index.js",
    "scripts": {
      "test": "echo \"Error: no test specified\" && exit 1",
      "serve": "node ./src/server/index.js ",
      "testall": "node ./src/server/runall.js "
    },
    "author": "",
    "license": "ISC",
    "dependencies": {
      "http-server": "^0.11.1",
      "koa": "^2.6.2",
      "koa-bodyparser": "^4.2.1",
      "koa-router": "^7.4.0",
      "nyc": "^13.1.0",
      "pixelmatch": "^4.0.2",
      "pngjs": "^3.3.3",
      "puppeteer": "^1.11.0",
      "puppeteer-to-istanbul": "^1.2.2",
      "vue": "^2.5.17",
      "vue-cli": "^2.9.6"
    }
  }

yarn manifest: 
  No manifest

Lockfile: 
  # THIS IS AN AUTOGENERATED FILE. DO NOT EDIT THIS FILE DIRECTLY.
  # yarn lockfile v1
  
  
  "@babel/code-frame@^7.0.0":
    version "7.0.0"
    resolved "http://registry.npm.taobao.org/@babel/code-frame/download/@babel/code-frame-7.0.0.tgz#06e2ab19bdb535385559aabb5ba59729482800f8"
    dependencies:
      "@babel/highlight" "^7.0.0"
  
  "@babel/generator@^7.0.0", "@babel/generator@^7.1.6":
    version "7.2.0"
    resolved "http://registry.npm.taobao.org/@babel/generator/download/@babel/generator-7.2.0.tgz#eaf3821fa0301d9d4aef88e63d4bcc19b73ba16c"
    dependencies:
      "@babel/types" "^7.2.0"
      jsesc "^2.5.1"
      lodash "^4.17.10"
      source-map "^0.5.0"
      trim-right "^1.0.1"
  
  "@babel/helper-function-name@^7.1.0":
    version "7.1.0"
    resolved "http://registry.npm.taobao.org/@babel/helper-function-name/download/@babel/helper-function-name-7.1.0.tgz#a0ceb01685f73355d4360c1247f582bfafc8ff53"
    dependencies:
      "@babel/helper-get-function-arity" "^7.0.0"
      "@babel/template" "^7.1.0"
      "@babel/types" "^7.0.0"
  
  "@babel/helper-get-function-arity@^7.0.0":
    version "7.0.0"
    resolved "http://registry.npm.taobao.org/@babel/helper-get-function-arity/download/@babel/helper-get-function-arity-7.0.0.tgz#83572d4320e2a4657263734113c42868b64e49c3"
    dependencies:
      "@babel/types" "^7.0.0"
  
  "@babel/helper-split-export-declaration@^7.0.0":
    version "7.0.0"
    resolved "http://registry.npm.taobao.org/@babel/helper-split-export-declaration/download/@babel/helper-split-export-declaration-7.0.0.tgz#3aae285c0311c2ab095d997b8c9a94cad547d813"
    dependencies:
      "@babel/types" "^7.0.0"
  
  "@babel/highlight@^7.0.0":
    version "7.0.0"
    resolved "http://registry.npm.taobao.org/@babel/highlight/download/@babel/highlight-7.0.0.tgz#f710c38c8d458e6dd9a201afb637fcb781ce99e4"
    dependencies:
      chalk "^2.0.0"
      esutils "^2.0.2"
      js-tokens "^4.0.0"
  
  "@babel/parser@^7.0.0", "@babel/parser@^7.1.2", "@babel/parser@^7.1.6":
    version "7.2.0"
    resolved "http://registry.npm.taobao.org/@babel/parser/download/@babel/parser-7.2.0.tgz#02d01dbc330b6cbf36b76ac93c50752c69027065"
  
  "@babel/template@^7.0.0", "@babel/template@^7.1.0":
    version "7.1.2"
    resolved "http://registry.npm.taobao.org/@babel/template/download/@babel/template-7.1.2.tgz#090484a574fef5a2d2d7726a674eceda5c5b5644"
    dependencies:
      "@babel/code-frame" "^7.0.0"
      "@babel/parser" "^7.1.2"
      "@babel/types" "^7.1.2"
  
  "@babel/traverse@^7.0.0":
    version "7.1.6"
    resolved "http://registry.npm.taobao.org/@babel/traverse/download/@babel/traverse-7.1.6.tgz#c8db9963ab4ce5b894222435482bd8ea854b7b5c"
    dependencies:
      "@babel/code-frame" "^7.0.0"
      "@babel/generator" "^7.1.6"
      "@babel/helper-function-name" "^7.1.0"
      "@babel/helper-split-export-declaration" "^7.0.0"
      "@babel/parser" "^7.1.6"
      "@babel/types" "^7.1.6"
      debug "^4.1.0"
      globals "^11.1.0"
      lodash "^4.17.10"
  
  "@babel/types@^7.0.0", "@babel/types@^7.1.2", "@babel/types@^7.1.6", "@babel/types@^7.2.0":
    version "7.2.0"
    resolved "http://registry.npm.taobao.org/@babel/types/download/@babel/types-7.2.0.tgz#7941c5b2d8060e06f9601d6be7c223eef906d5d8"
    dependencies:
      esutils "^2.0.2"
      lodash "^4.17.10"
      to-fast-properties "^2.0.0"
  
  absolute@0.0.1:
    version "0.0.1"
    resolved "http://registry.npm.taobao.org/absolute/download/absolute-0.0.1.tgz#c22822f87e1c939f579887504d9c109c4173829d"
  
  accepts@^1.3.5:
    version "1.3.5"
    resolved "http://registry.npm.taobao.org/accepts/download/accepts-1.3.5.tgz#eb777df6011723a3b14e8a72c0805c8e86746bd2"
    dependencies:
      mime-types "~2.1.18"
      negotiator "0.6.1"
  
  agent-base@^4.1.0:
    version "4.2.1"
    resolved "http://registry.npm.taobao.org/agent-base/download/agent-base-4.2.1.tgz#d89e5999f797875674c07d87f260fc41e83e8ca9"
    dependencies:
      es6-promisify "^5.0.0"
  
  ajv@^6.5.5:
    version "6.6.1"
    resolved "http://registry.npm.taobao.org/ajv/download/ajv-6.6.1.tgz#6360f5ed0d80f232cc2b294c362d5dc2e538dd61"
    dependencies:
      fast-deep-equal "^2.0.1"
      fast-json-stable-stringify "^2.0.0"
      json-schema-traverse "^0.4.1"
      uri-js "^4.2.2"
  
  ansi-escapes@^3.0.0:
    version "3.1.0"
    resolved "http://registry.npm.taobao.org/ansi-escapes/download/ansi-escapes-3.1.0.tgz#f73207bb81207d75fd6c83f125af26eea378ca30"
  
  ansi-red@^0.1.1:
    version "0.1.1"
    resolved "http://registry.npm.taobao.org/ansi-red/download/ansi-red-0.1.1.tgz#8c638f9d1080800a353c9c28c8a81ca4705d946c"
    dependencies:
      ansi-wrap "0.1.0"
  
  ansi-regex@^2.0.0:
    version "2.1.1"
    resolved "http://registry.npm.taobao.org/ansi-regex/download/ansi-regex-2.1.1.tgz#c3b33ab5ee360d86e0e628f0468ae7ef27d654df"
  
  ansi-regex@^3.0.0:
    version "3.0.0"
    resolved "http://registry.npm.taobao.org/ansi-regex/download/ansi-regex-3.0.0.tgz#ed0317c322064f79466c02966bddb605ab37d998"
  
  ansi-regex@^4.0.0:
    version "4.0.0"
    resolved "http://registry.npm.taobao.org/ansi-regex/download/ansi-regex-4.0.0.tgz#70de791edf021404c3fd615aa89118ae0432e5a9"
  
  ansi-styles@^2.2.1:
    version "2.2.1"
    resolved "http://registry.npm.taobao.org/ansi-styles/download/ansi-styles-2.2.1.tgz#b432dd3358b634cf75e1e4664368240533c1ddbe"
  
  ansi-styles@^3.2.1:
    version "3.2.1"
    resolved "http://registry.npm.taobao.org/ansi-styles/download/ansi-styles-3.2.1.tgz#41fbb20243e50b12be0f04b8dedbf07520ce841d"
    dependencies:
      color-convert "^1.9.0"
  
  ansi-wrap@0.1.0:
    version "0.1.0"
    resolved "http://registry.npm.taobao.org/ansi-wrap/download/ansi-wrap-0.1.0.tgz#a82250ddb0015e9a27ca82e82ea603bbfa45efaf"
  
  any-promise@^1.1.0:
    version "1.3.0"
    resolved "http://registry.npm.taobao.org/any-promise/download/any-promise-1.3.0.tgz#abc6afeedcea52e809cdc0376aed3ce39635d17f"
  
  append-transform@^1.0.0:
    version "1.0.0"
    resolved "http://registry.npm.taobao.org/append-transform/download/append-transform-1.0.0.tgz#046a52ae582a228bd72f58acfbe2967c678759ab"
    dependencies:
      default-require-extensions "^2.0.0"
  
  archy@^1.0.0:
    version "1.0.0"
    resolved "http://registry.npm.taobao.org/archy/download/archy-1.0.0.tgz#f9c8c13757cc1dd7bc379ac77b2c62a5c2868c40"
  
  argparse@^1.0.7:
    version "1.0.10"
    resolved "http://registry.npm.taobao.org/argparse/download/argparse-1.0.10.tgz#bcd6791ea5ae09725e17e5ad988134cd40b3d911"
    dependencies:
      sprintf-js "~1.0.2"
  
  array-differ@^1.0.0:
    version "1.0.0"
    resolved "http://registry.npm.taobao.org/array-differ/download/array-differ-1.0.0.tgz#eff52e3758249d33be402b8bb8e564bb2b5d4031"
  
  array-union@^1.0.1:
    version "1.0.2"
    resolved "http://registry.npm.taobao.org/array-union/download/array-union-1.0.2.tgz#9a34410e4f4e3da23dea375be5be70f24778ec39"
    dependencies:
      array-uniq "^1.0.1"
  
  array-uniq@^1.0.1:
    version "1.0.3"
    resolved "http://registry.npm.taobao.org/array-uniq/download/array-uniq-1.0.3.tgz#af6ac877a25cc7f74e058894753858dfdb24fdb6"
  
  arrify@^1.0.0, arrify@^1.0.1:
    version "1.0.1"
    resolved "http://registry.npm.taobao.org/arrify/download/arrify-1.0.1.tgz#898508da2226f380df904728456849c1501a4b0d"
  
  asn1@~0.2.3:
    version "0.2.4"
    resolved "http://registry.npm.taobao.org/asn1/download/asn1-0.2.4.tgz#8d2475dfab553bb33e77b54e59e880bb8ce23136"
    dependencies:
      safer-buffer "~2.1.0"
  
  assert-plus@1.0.0, assert-plus@^1.0.0:
    version "1.0.0"
    resolved "http://registry.npm.taobao.org/assert-plus/download/assert-plus-1.0.0.tgz#f12e0f3c5d77b0b1cdd9146942e4e96c1e4dd525"
  
  async-limiter@~1.0.0:
    version "1.0.0"
    resolved "http://registry.npm.taobao.org/async-limiter/download/async-limiter-1.0.0.tgz#78faed8c3d074ab81f22b4e985d79e8738f720f8"
  
  async@^1.5.2:
    version "1.5.2"
    resolved "http://registry.npm.taobao.org/async/download/async-1.5.2.tgz#ec6a61ae56480c0c3cb241c95618e20892f9672a"
  
  async@^2.4.0, async@^2.5.0:
    version "2.6.1"
    resolved "http://registry.npm.taobao.org/async/download/async-2.6.1.tgz#b245a23ca71930044ec53fa46aa00a3e87c6a610"
    dependencies:
      lodash "^4.17.10"
  
  asynckit@^0.4.0:
    version "0.4.0"
    resolved "http://registry.npm.taobao.org/asynckit/download/asynckit-0.4.0.tgz#c79ed97f7f34cb8f2ba1bc9790bcc366474b4b79"
  
  aws-sign2@~0.7.0:
    version "0.7.0"
    resolved "http://registry.npm.taobao.org/aws-sign2/download/aws-sign2-0.7.0.tgz#b46e890934a9591f2d2f6f86d7e6a9f1b3fe76a8"
  
  aws4@^1.8.0:
    version "1.8.0"
    resolved "http://registry.npm.taobao.org/aws4/download/aws4-1.8.0.tgz#f0e003d9ca9e7f59c7a508945d7b2ef9a04a542f"
  
  balanced-match@^1.0.0:
    version "1.0.0"
    resolved "http://registry.npm.taobao.org/balanced-match/download/balanced-match-1.0.0.tgz#89b4d199ab2bee49de164ea02b89ce462d71b767"
  
  base64-js@0.0.8:
    version "0.0.8"
    resolved "http://registry.npm.taobao.org/base64-js/download/base64-js-0.0.8.tgz#1101e9544f4a76b1bc3b26d452ca96d7a35e7978"
  
  bcrypt-pbkdf@^1.0.0:
    version "1.0.2"
    resolved "http://registry.npm.taobao.org/bcrypt-pbkdf/download/bcrypt-pbkdf-1.0.2.tgz#a4301d389b6a43f9b67ff3ca11a3f6637e360e9e"
    dependencies:
      tweetnacl "^0.14.3"
  
  bl@^1.0.0:
    version "1.2.2"
    resolved "http://registry.npm.taobao.org/bl/download/bl-1.2.2.tgz#a160911717103c07410cef63ef51b397c025af9c"
    dependencies:
      readable-stream "^2.3.5"
      safe-buffer "^5.1.1"
  
  bluebird@^3.1.1:
    version "3.5.3"
    resolved "http://registry.npm.taobao.org/bluebird/download/bluebird-3.5.3.tgz#7d01c6f9616c9a51ab0f8c549a79dfe6ec33efa7"
  
  brace-expansion@^1.1.7:
    version "1.1.11"
    resolved "http://registry.npm.taobao.org/brace-expansion/download/brace-expansion-1.1.11.tgz#3c7fcbf529d87226f3d2f52b966ff5271eb441dd"
    dependencies:
      balanced-match "^1.0.0"
      concat-map "0.0.1"
  
  buffer-alloc-unsafe@^1.1.0:
    version "1.1.0"
    resolved "http://registry.npm.taobao.org/buffer-alloc-unsafe/download/buffer-alloc-unsafe-1.1.0.tgz#bd7dc26ae2972d0eda253be061dba992349c19f0"
  
  buffer-alloc@^1.2.0:
    version "1.2.0"
    resolved "http://registry.npm.taobao.org/buffer-alloc/download/buffer-alloc-1.2.0.tgz#890dd90d923a873e08e10e5fd51a57e5b7cce0ec"
    dependencies:
      buffer-alloc-unsafe "^1.1.0"
      buffer-fill "^1.0.0"
  
  buffer-crc32@~0.2.3:
    version "0.2.13"
    resolved "http://registry.npm.taobao.org/buffer-crc32/download/buffer-crc32-0.2.13.tgz#0d333e3f00eac50aa1454abd30ef8c2a5d9a7242"
  
  buffer-fill@^1.0.0:
    version "1.0.0"
    resolved "http://registry.npm.taobao.org/buffer-fill/download/buffer-fill-1.0.0.tgz#f8f78b76789888ef39f205cd637f68e702122b2c"
  
  buffer-from@^1.0.0:
    version "1.1.1"
    resolved "http://registry.npm.taobao.org/buffer-from/download/buffer-from-1.1.1.tgz#32713bc028f75c02fdb710d7c7bcec1f2c6070ef"
  
  buffer@^3.0.1:
    version "3.6.0"
    resolved "http://registry.npm.taobao.org/buffer/download/buffer-3.6.0.tgz#a72c936f77b96bf52f5f7e7b467180628551defb"
    dependencies:
      base64-js "0.0.8"
      ieee754 "^1.1.4"
      isarray "^1.0.0"
  
  builtin-modules@^1.0.0:
    version "1.1.1"
    resolved "http://registry.npm.taobao.org/builtin-modules/download/builtin-modules-1.1.1.tgz#270f076c5a72c02f5b65a47df94c5fe3a278892f"
  
  builtins@^1.0.3:
    version "1.0.3"
    resolved "http://registry.npm.taobao.org/builtins/download/builtins-1.0.3.tgz#cb94faeb61c8696451db36534e1422f94f0aee88"
  
  bytes@3.0.0:
    version "3.0.0"
    resolved "http://registry.npm.taobao.org/bytes/download/bytes-3.0.0.tgz#d32815404d689699f85a4ea4fa8755dd13a96048"
  
  cache-content-type@^1.0.0:
    version "1.0.1"
    resolved "http://registry.npm.taobao.org/cache-content-type/download/cache-content-type-1.0.1.tgz#035cde2b08ee2129f4a8315ea8f00a00dba1453c"
    dependencies:
      mime-types "^2.1.18"
      ylru "^1.2.0"
  
  caching-transform@^2.0.0:
    version "2.0.0"
    resolved "http://registry.npm.taobao.org/caching-transform/download/caching-transform-2.0.0.tgz#e1292bd92d35b6e8b1ed7075726724b3bd64eea0"
    dependencies:
      make-dir "^1.0.0"
      md5-hex "^2.0.0"
      package-hash "^2.0.0"
      write-file-atomic "^2.0.0"
  
  camelcase@^4.1.0:
    version "4.1.0"
    resolved "http://registry.npm.taobao.org/camelcase/download/camelcase-4.1.0.tgz#d545635be1e33c542649c69173e5de6acfae34dd"
  
  capture-stack-trace@^1.0.0:
    version "1.0.1"
    resolved "http://registry.npm.taobao.org/capture-stack-trace/download/capture-stack-trace-1.0.1.tgz#a6c0bbe1f38f3aa0b92238ecb6ff42c344d4135d"
  
  caseless@~0.12.0:
    version "0.12.0"
    resolved "http://registry.npm.taobao.org/caseless/download/caseless-0.12.0.tgz#1b681c21ff84033c826543090689420d187151dc"
  
  caw@^2.0.0:
    version "2.0.1"
    resolved "http://registry.npm.taobao.org/caw/download/caw-2.0.1.tgz#6c3ca071fc194720883c2dc5da9b074bfc7e9e95"
    dependencies:
      get-proxy "^2.0.0"
      isurl "^1.0.0-alpha5"
      tunnel-agent "^0.6.0"
      url-to-options "^1.0.1"
  
  chalk@^1.1.3:
    version "1.1.3"
    resolved "http://registry.npm.taobao.org/chalk/download/chalk-1.1.3.tgz#a8115c55e4a702fe4d150abd3872822a7e09fc98"
    dependencies:
      ansi-styles "^2.2.1"
      escape-string-regexp "^1.0.2"
      has-ansi "^2.0.0"
      strip-ansi "^3.0.0"
      supports-color "^2.0.0"
  
  chalk@^2.0.0, chalk@^2.0.1, chalk@^2.1.0:
    version "2.4.1"
    resolved "http://registry.npm.taobao.org/chalk/download/chalk-2.4.1.tgz#18c49ab16a037b6eb0152cc83e3471338215b66e"
    dependencies:
      ansi-styles "^3.2.1"
      escape-string-regexp "^1.0.5"
      supports-color "^5.3.0"
  
  chardet@^0.7.0:
    version "0.7.0"
    resolved "http://registry.npm.taobao.org/chardet/download/chardet-0.7.0.tgz#90094849f0937f2eedc2425d0d28a9e5f0cbad9e"
  
  cli-cursor@^2.1.0:
    version "2.1.0"
    resolved "http://registry.npm.taobao.org/cli-cursor/download/cli-cursor-2.1.0.tgz#b35dac376479facc3e94747d41d0d0f5238ffcb5"
    dependencies:
      restore-cursor "^2.0.0"
  
  cli-spinners@^1.0.1:
    version "1.3.1"
    resolved "http://registry.npm.taobao.org/cli-spinners/download/cli-spinners-1.3.1.tgz#002c1990912d0d59580c93bd36c056de99e4259a"
  
  cli-width@^2.0.0:
    version "2.2.0"
    resolved "http://registry.npm.taobao.org/cli-width/download/cli-width-2.2.0.tgz#ff19ede8a9a5e579324147b0c11f0fbcbabed639"
  
  cliui@^4.0.0:
    version "4.1.0"
    resolved "http://registry.npm.taobao.org/cliui/download/cliui-4.1.0.tgz#348422dbe82d800b3022eef4f6ac10bf2e4d1b49"
    dependencies:
      string-width "^2.1.1"
      strip-ansi "^4.0.0"
      wrap-ansi "^2.0.0"
  
  clone@^1.0.2:
    version "1.0.4"
    resolved "http://registry.npm.taobao.org/clone/download/clone-1.0.4.tgz#da309cc263df15994c688ca902179ca3c7cd7c7e"
  
  clone@^2.1.1:
    version "2.1.2"
    resolved "http://registry.npm.taobao.org/clone/download/clone-2.1.2.tgz#1b7f4b9f591f1e8f83670401600345a02887435f"
  
  co-body@^6.0.0:
    version "6.0.0"
    resolved "http://registry.npm.taobao.org/co-body/download/co-body-6.0.0.tgz#965b9337d7f5655480787471f4237664820827e3"
    dependencies:
      inflation "^2.0.0"
      qs "^6.5.2"
      raw-body "^2.3.3"
      type-is "^1.6.16"
  
  co-from-stream@~0.0.0:
    version "0.0.0"
    resolved "http://registry.npm.taobao.org/co-from-stream/download/co-from-stream-0.0.0.tgz#1a5cd8ced77263946094fa39f2499a63297bcaf9"
    dependencies:
      co-read "0.0.1"
  
  co-fs-extra@^1.2.1:
    version "1.2.1"
    resolved "http://registry.npm.taobao.org/co-fs-extra/download/co-fs-extra-1.2.1.tgz#3b6ad77cf2614530f677b1cf62664f5ba756b722"
    dependencies:
      co-from-stream "~0.0.0"
      fs-extra "~0.26.5"
      thunkify-wrap "~1.0.4"
  
  co-read@0.0.1:
    version "0.0.1"
    resolved "http://registry.npm.taobao.org/co-read/download/co-read-0.0.1.tgz#f81b3eb8a86675fec51e3d883a7f564e873c9389"
  
  co@3.1.0, co@~3.1.0:
    version "3.1.0"
    resolved "http://registry.npm.taobao.org/co/download/co-3.1.0.tgz#4ea54ea5a08938153185e15210c68d9092bc1b78"
  
  co@^4.6.0:
    version "4.6.0"
    resolved "http://registry.npm.taobao.org/co/download/co-4.6.0.tgz#6ea6bdf3d853ae54ccb8e47bfa0bf3f9031fb184"
  
  code-point-at@^1.0.0:
    version "1.1.0"
    resolved "http://registry.npm.taobao.org/code-point-at/download/code-point-at-1.1.0.tgz#0d070b4d043a5bea33a2f1a40e2edb3d9a4ccf77"
  
  coffee-script@1.12.7, coffee-script@^1.12.4:
    version "1.12.7"
    resolved "http://registry.npm.taobao.org/coffee-script/download/coffee-script-1.12.7.tgz#c05dae0cb79591d05b3070a8433a98c9a89ccc53"
  
  color-convert@^1.9.0:
    version "1.9.3"
    resolved "http://registry.npm.taobao.org/color-convert/download/color-convert-1.9.3.tgz#bb71850690e1f136567de629d2d5471deda4c1e8"
    dependencies:
      color-name "1.1.3"
  
  color-name@1.1.3:
    version "1.1.3"
    resolved "http://registry.npm.taobao.org/color-name/download/color-name-1.1.3.tgz#a7d0558bd89c42f795dd42328f740831ca53bc25"
  
  colors@1.0.3:
    version "1.0.3"
    resolved "http://registry.npm.taobao.org/colors/download/colors-1.0.3.tgz#0433f44d809680fdeb60ed260f1b0c262e82a40b"
  
  combined-stream@^1.0.6, combined-stream@~1.0.6:
    version "1.0.7"
    resolved "http://registry.npm.taobao.org/combined-stream/download/combined-stream-1.0.7.tgz#2d1d24317afb8abe95d6d2c0b07b57813539d828"
    dependencies:
      delayed-stream "~1.0.0"
  
  commander@^2.6.0, commander@^2.9.0:
    version "2.19.0"
    resolved "http://registry.npm.taobao.org/commander/download/commander-2.19.0.tgz#f6198aa84e5b83c46054b94ddedbfed5ee9ff12a"
  
  commander@~2.17.1:
    version "2.17.1"
    resolved "http://registry.npm.taobao.org/commander/download/commander-2.17.1.tgz#bd77ab7de6de94205ceacc72f1716d29f20a77bf"
  
  commander@~2.8.1:
    version "2.8.1"
    resolved "http://registry.npm.taobao.org/commander/download/commander-2.8.1.tgz#06be367febfda0c330aa1e2a072d3dc9762425d4"
    dependencies:
      graceful-readlink ">= 1.0.0"
  
  commondir@^1.0.1:
    version "1.0.1"
    resolved "http://registry.npm.taobao.org/commondir/download/commondir-1.0.1.tgz#ddd800da0c66127393cca5950ea968a3aaf1253b"
  
  concat-map@0.0.1:
    version "0.0.1"
    resolved "http://registry.npm.taobao.org/concat-map/download/concat-map-0.0.1.tgz#d8a96bd77fd68df7793a73036a3ba0d5405d477b"
  
  concat-stream@1.6.2:
    version "1.6.2"
    resolved "http://registry.npm.taobao.org/concat-stream/download/concat-stream-1.6.2.tgz#904bdf194cd3122fc675c77fc4ac3d4ff0fd1a34"
    dependencies:
      buffer-from "^1.0.0"
      inherits "^2.0.3"
      readable-stream "^2.2.2"
      typedarray "^0.0.6"
  
  config-chain@^1.1.11:
    version "1.1.12"
    resolved "http://registry.npm.taobao.org/config-chain/download/config-chain-1.1.12.tgz#0fde8d091200eb5e808caf25fe618c02f48e4efa"
    dependencies:
      ini "^1.3.4"
      proto-list "~1.2.1"
  
  consolidate@^0.14.0:
    version "0.14.5"
    resolved "http://registry.npm.taobao.org/consolidate/download/consolidate-0.14.5.tgz#5a25047bc76f73072667c8cb52c989888f494c63"
    dependencies:
      bluebird "^3.1.1"
  
  content-disposition@~0.5.2:
    version "0.5.2"
    resolved "http://registry.npm.taobao.org/content-disposition/download/content-disposition-0.5.2.tgz#0cf68bb9ddf5f2be7961c3a85178cb85dba78cb4"
  
  content-type@^1.0.4:
    version "1.0.4"
    resolved "http://registry.npm.taobao.org/content-type/download/content-type-1.0.4.tgz#e138cc75e040c727b1966fe5e5f8c9aee256fe3b"
  
  convert-source-map@^1.6.0:
    version "1.6.0"
    resolved "http://registry.npm.taobao.org/convert-source-map/download/convert-source-map-1.6.0.tgz#51b537a8c43e0f04dec1993bffcdd504e758ac20"
    dependencies:
      safe-buffer "~5.1.1"
  
  cookies@~0.7.1:
    version "0.7.3"
    resolved "http://registry.npm.taobao.org/cookies/download/cookies-0.7.3.tgz#7912ce21fbf2e8c2da70cf1c3f351aecf59dadfa"
    dependencies:
      depd "~1.1.2"
      keygrip "~1.0.3"
  
  copy-to@^2.0.1:
    version "2.0.1"
    resolved "http://registry.npm.taobao.org/copy-to/download/copy-to-2.0.1.tgz#2680fbb8068a48d08656b6098092bdafc906f4a5"
  
  core-util-is@1.0.2, core-util-is@~1.0.0:
    version "1.0.2"
    resolved "http://registry.npm.taobao.org/core-util-is/download/core-util-is-1.0.2.tgz#b5fd54220aa2bc5ab57aab7140c940754503c1a7"
  
  corser@~2.0.0:
    version "2.0.1"
    resolved "http://registry.npm.taobao.org/corser/download/corser-2.0.1.tgz#8eda252ecaab5840dcd975ceb90d9370c819ff87"
  
  create-error-class@^3.0.0:
    version "3.0.2"
    resolved "http://registry.npm.taobao.org/create-error-class/download/create-error-class-3.0.2.tgz#06be7abef947a3f14a30fd610671d401bca8b7b6"
    dependencies:
      capture-stack-trace "^1.0.0"
  
  cross-spawn@^4:
    version "4.0.2"
    resolved "http://registry.npm.taobao.org/cross-spawn/download/cross-spawn-4.0.2.tgz#7b9247621c23adfdd3856004a823cbe397424d41"
    dependencies:
      lru-cache "^4.0.1"
      which "^1.2.9"
  
  cross-spawn@^5.0.1:
    version "5.1.0"
    resolved "http://registry.npm.taobao.org/cross-spawn/download/cross-spawn-5.1.0.tgz#e8bd0efee58fcff6f8f94510a0a554bbfa235449"
    dependencies:
      lru-cache "^4.0.1"
      shebang-command "^1.2.0"
      which "^1.2.9"
  
  dashdash@^1.12.0:
    version "1.14.1"
    resolved "http://registry.npm.taobao.org/dashdash/download/dashdash-1.14.1.tgz#853cfa0f7cbe2fed5de20326b8dd581035f6e2f0"
    dependencies:
      assert-plus "^1.0.0"
  
  debug-log@^1.0.1:
    version "1.0.1"
    resolved "http://registry.npm.taobao.org/debug-log/download/debug-log-1.0.1.tgz#2307632d4c04382b8df8a32f70b895046d52745f"
  
  debug@2.6.9, debug@^2.2.0:
    version "2.6.9"
    resolved "http://registry.npm.taobao.org/debug/download/debug-2.6.9.tgz#5d128515df134ff327e90a4c93f4e077a536341f"
    dependencies:
      ms "2.0.0"
  
  debug@=3.1.0, debug@~3.1.0:
    version "3.1.0"
    resolved "http://registry.npm.taobao.org/debug/download/debug-3.1.0.tgz#5bb5a0672628b64149566ba16819e61518c67261"
    dependencies:
      ms "2.0.0"
  
  debug@^3.1.0:
    version "3.2.6"
    resolved "http://registry.npm.taobao.org/debug/download/debug-3.2.6.tgz#e83d17de16d8a7efb7717edbe5fb10135eee629b"
    dependencies:
      ms "^2.1.1"
  
  debug@^4.1.0:
    version "4.1.0"
    resolved "http://registry.npm.taobao.org/debug/download/debug-4.1.0.tgz#373687bffa678b38b1cd91f861b63850035ddc87"
    dependencies:
      ms "^2.1.1"
  
  decamelize@^1.1.1:
    version "1.2.0"
    resolved "http://registry.npm.taobao.org/decamelize/download/decamelize-1.2.0.tgz#f6534d15148269b20352e7bee26f501f9a191290"
  
  decompress-tar@^4.0.0, decompress-tar@^4.1.0, decompress-tar@^4.1.1:
    version "4.1.1"
    resolved "http://registry.npm.taobao.org/decompress-tar/download/decompress-tar-4.1.1.tgz#718cbd3fcb16209716e70a26b84e7ba4592e5af1"
    dependencies:
      file-type "^5.2.0"
      is-stream "^1.1.0"
      tar-stream "^1.5.2"
  
  decompress-tarbz2@^4.0.0:
    version "4.1.1"
    resolved "http://registry.npm.taobao.org/decompress-tarbz2/download/decompress-tarbz2-4.1.1.tgz#3082a5b880ea4043816349f378b56c516be1a39b"
    dependencies:
      decompress-tar "^4.1.0"
      file-type "^6.1.0"
      is-stream "^1.1.0"
      seek-bzip "^1.0.5"
      unbzip2-stream "^1.0.9"
  
  decompress-targz@^4.0.0:
    version "4.1.1"
    resolved "http://registry.npm.taobao.org/decompress-targz/download/decompress-targz-4.1.1.tgz#c09bc35c4d11f3de09f2d2da53e9de23e7ce1eee"
    dependencies:
      decompress-tar "^4.1.1"
      file-type "^5.2.0"
      is-stream "^1.1.0"
  
  decompress-unzip@^4.0.1:
    version "4.0.1"
    resolved "http://registry.npm.taobao.org/decompress-unzip/download/decompress-unzip-4.0.1.tgz#deaaccdfd14aeaf85578f733ae8210f9b4848f69"
    dependencies:
      file-type "^3.8.0"
      get-stream "^2.2.0"
      pify "^2.3.0"
      yauzl "^2.4.2"
  
  decompress@^4.0.0:
    version "4.2.0"
    resolved "http://registry.npm.taobao.org/decompress/download/decompress-4.2.0.tgz#7aedd85427e5a92dacfe55674a7c505e96d01f9d"
    dependencies:
      decompress-tar "^4.0.0"
      decompress-tarbz2 "^4.0.0"
      decompress-targz "^4.0.0"
      decompress-unzip "^4.0.1"
      graceful-fs "^4.1.10"
      make-dir "^1.0.0"
      pify "^2.3.0"
      strip-dirs "^2.0.0"
  
  deep-equal@~1.0.1:
    version "1.0.1"
    resolved "http://registry.npm.taobao.org/deep-equal/download/deep-equal-1.0.1.tgz#f5d260292b660e084eff4cdbc9f08ad3247448b5"
  
  default-require-extensions@^2.0.0:
    version "2.0.0"
    resolved "http://registry.npm.taobao.org/default-require-extensions/download/default-require-extensions-2.0.0.tgz#f5f8fbb18a7d6d50b21f641f649ebb522cfe24f7"
    dependencies:
      strip-bom "^3.0.0"
  
  delayed-stream@~1.0.0:
    version "1.0.0"
    resolved "http://registry.npm.taobao.org/delayed-stream/download/delayed-stream-1.0.0.tgz#df3ae199acadfb7d440aaae0b29e2272b24ec619"
  
  delegates@^1.0.0:
    version "1.0.0"
    resolved "http://registry.npm.taobao.org/delegates/download/delegates-1.0.0.tgz#84c6e159b81904fdca59a0ef44cd870d31250f9a"
  
  depd@^1.1.2, depd@~1.1.2:
    version "1.1.2"
    resolved "http://registry.npm.taobao.org/depd/download/depd-1.1.2.tgz#9bcd52e14c097763e749b274c4346ed2e560b5a9"
  
  destroy@^1.0.4:
    version "1.0.4"
    resolved "http://registry.npm.taobao.org/destroy/download/destroy-1.0.4.tgz#978857442c44749e4206613e37946205826abd80"
  
  download-git-repo@^1.0.1:
    version "1.1.0"
    resolved "http://registry.npm.taobao.org/download-git-repo/download/download-git-repo-1.1.0.tgz#7dc88a82ced064b1372a0002f8a3aebf10eb1d3c"
    dependencies:
      download "^5.0.3"
      git-clone "^0.1.0"
      rimraf "^2.6.1"
  
  download@^5.0.3:
    version "5.0.3"
    resolved "http://registry.npm.taobao.org/download/download/download-5.0.3.tgz#63537f977f99266a30eb8a2a2fbd1f20b8000f7a"
    dependencies:
      caw "^2.0.0"
      decompress "^4.0.0"
      filenamify "^2.0.0"
      get-stream "^3.0.0"
      got "^6.3.0"
      mkdirp "^0.5.1"
      pify "^2.3.0"
  
  duplexer3@^0.1.4:
    version "0.1.4"
    resolved "http://registry.npm.taobao.org/duplexer3/download/duplexer3-0.1.4.tgz#ee01dd1cac0ed3cbc7fdbea37dc0a8f1ce002ce2"
  
  ecc-jsbn@~0.1.1:
    version "0.1.2"
    resolved "http://registry.npm.taobao.org/ecc-jsbn/download/ecc-jsbn-0.1.2.tgz#3a83a904e54353287874c564b7549386849a98c9"
    dependencies:
      jsbn "~0.1.0"
      safer-buffer "^2.1.0"
  
  ecstatic@^3.0.0:
    version "3.3.0"
    resolved "http://registry.npm.taobao.org/ecstatic/download/ecstatic-3.3.0.tgz#91cd417d152abf85b37b1ab3ebf3bd25cdc64e80"
    dependencies:
      he "^1.1.1"
      mime "^1.6.0"
      minimist "^1.1.0"
      url-join "^2.0.5"
  
  ee-first@1.1.1:
    version "1.1.1"
    resolved "http://registry.npm.taobao.org/ee-first/download/ee-first-1.1.1.tgz#590c61156b0ae2f4f0255732a158b266bc56b21d"
  
  enable@1:
    version "1.3.2"
    resolved "http://registry.npm.taobao.org/enable/download/enable-1.3.2.tgz#9eba6837d16d0982b59f87d889bf754443d52931"
  
  end-of-stream@^1.0.0:
    version "1.4.1"
    resolved "http://registry.npm.taobao.org/end-of-stream/download/end-of-stream-1.4.1.tgz#ed29634d19baba463b6ce6b80a37213eab71ec43"
    dependencies:
      once "^1.4.0"
  
  error-ex@^1.3.1:
    version "1.3.2"
    resolved "http://registry.npm.taobao.org/error-ex/download/error-ex-1.3.2.tgz#b4ac40648107fdcdcfae242f428bea8a14d4f1bf"
    dependencies:
      is-arrayish "^0.2.1"
  
  error-inject@^1.0.0:
    version "1.0.0"
    resolved "http://registry.npm.taobao.org/error-inject/download/error-inject-1.0.0.tgz#e2b3d91b54aed672f309d950d154850fa11d4f37"
  
  es6-error@^4.0.1:
    version "4.1.1"
    resolved "http://registry.npm.taobao.org/es6-error/download/es6-error-4.1.1.tgz#9e3af407459deed47e9a91f9b885a84eb05c561d"
  
  es6-promise@^4.0.3:
    version "4.2.5"
    resolved "http://registry.npm.taobao.org/es6-promise/download/es6-promise-4.2.5.tgz#da6d0d5692efb461e082c14817fe2427d8f5d054"
  
  es6-promisify@^5.0.0:
    version "5.0.0"
    resolved "http://registry.npm.taobao.org/es6-promisify/download/es6-promisify-5.0.0.tgz#5109d62f3e56ea967c4b63505aef08291c8a5203"
    dependencies:
      es6-promise "^4.0.3"
  
  escape-html@^1.0.3:
    version "1.0.3"
    resolved "http://registry.npm.taobao.org/escape-html/download/escape-html-1.0.3.tgz#0258eae4d3d0c0974de1c169188ef0051d1d1988"
  
  escape-string-regexp@^1.0.2, escape-string-regexp@^1.0.5:
    version "1.0.5"
    resolved "http://registry.npm.taobao.org/escape-string-regexp/download/escape-string-regexp-1.0.5.tgz#1b61c0562190a8dff6ae3bb2cf0200ca130b86d4"
  
  esprima@^4.0.0:
    version "4.0.1"
    resolved "http://registry.npm.taobao.org/esprima/download/esprima-4.0.1.tgz#13b04cdb3e6c5d19df91ab6987a8695619b0aa71"
  
  esutils@^2.0.2:
    version "2.0.2"
    resolved "http://registry.npm.taobao.org/esutils/download/esutils-2.0.2.tgz#0abf4f1caa5bcb1f7a9d8acc6dea4faaa04bac9b"
  
  eventemitter3@^3.0.0:
    version "3.1.0"
    resolved "http://registry.npm.taobao.org/eventemitter3/download/eventemitter3-3.1.0.tgz#090b4d6cdbd645ed10bf750d4b5407942d7ba163"
  
  execa@^0.7.0:
    version "0.7.0"
    resolved "http://registry.npm.taobao.org/execa/download/execa-0.7.0.tgz#944becd34cc41ee32a63a9faf27ad5a65fc59777"
    dependencies:
      cross-spawn "^5.0.1"
      get-stream "^3.0.0"
      is-stream "^1.1.0"
      npm-run-path "^2.0.0"
      p-finally "^1.0.0"
      signal-exit "^3.0.0"
      strip-eof "^1.0.0"
  
  extend-shallow@^2.0.1:
    version "2.0.1"
    resolved "http://registry.npm.taobao.org/extend-shallow/download/extend-shallow-2.0.1.tgz#51af7d614ad9a9f610ea1bafbb989d6b1c56890f"
    dependencies:
      is-extendable "^0.1.0"
  
  extend@~3.0.2:
    version "3.0.2"
    resolved "http://registry.npm.taobao.org/extend/download/extend-3.0.2.tgz#f8b1136b4071fbd8eb140aff858b1019ec2915fa"
  
  external-editor@^3.0.0:
    version "3.0.3"
    resolved "http://registry.npm.taobao.org/external-editor/download/external-editor-3.0.3.tgz#5866db29a97826dbe4bf3afd24070ead9ea43a27"
    dependencies:
      chardet "^0.7.0"
      iconv-lite "^0.4.24"
      tmp "^0.0.33"
  
  extract-zip@^1.6.6:
    version "1.6.7"
    resolved "http://registry.npm.taobao.org/extract-zip/download/extract-zip-1.6.7.tgz#a840b4b8af6403264c8db57f4f1a74333ef81fe9"
    dependencies:
      concat-stream "1.6.2"
      debug "2.6.9"
      mkdirp "0.5.1"
      yauzl "2.4.1"
  
  extsprintf@1.3.0:
    version "1.3.0"
    resolved "http://registry.npm.taobao.org/extsprintf/download/extsprintf-1.3.0.tgz#96918440e3041a7a414f8c52e3c574eb3c3e1e05"
  
  extsprintf@^1.2.0:
    version "1.4.0"
    resolved "http://registry.npm.taobao.org/extsprintf/download/extsprintf-1.4.0.tgz#e2689f8f356fad62cca65a3a91c5df5f9551692f"
  
  fast-deep-equal@^2.0.1:
    version "2.0.1"
    resolved "http://registry.npm.taobao.org/fast-deep-equal/download/fast-deep-equal-2.0.1.tgz#7b05218ddf9667bf7f370bf7fdb2cb15fdd0aa49"
  
  fast-json-stable-stringify@^2.0.0:
    version "2.0.0"
    resolved "http://registry.npm.taobao.org/fast-json-stable-stringify/download/fast-json-stable-stringify-2.0.0.tgz#d5142c0caee6b1189f87d3a76111064f86c8bbf2"
  
  fd-slicer@~1.0.1:
    version "1.0.1"
    resolved "http://registry.npm.taobao.org/fd-slicer/download/fd-slicer-1.0.1.tgz#8b5bcbd9ec327c5041bf9ab023fd6750f1177e65"
    dependencies:
      pend "~1.2.0"
  
  fd-slicer@~1.1.0:
    version "1.1.0"
    resolved "http://registry.npm.taobao.org/fd-slicer/download/fd-slicer-1.1.0.tgz#25c7c89cb1f9077f8891bbe61d8f390eae256f1e"
    dependencies:
      pend "~1.2.0"
  
  figures@^2.0.0:
    version "2.0.0"
    resolved "http://registry.npm.taobao.org/figures/download/figures-2.0.0.tgz#3ab1a2d2a62c8bfb431a0c94cb797a2fce27c962"
    dependencies:
      escape-string-regexp "^1.0.5"
  
  file-type@^3.8.0:
    version "3.9.0"
    resolved "http://registry.npm.taobao.org/file-type/download/file-type-3.9.0.tgz#257a078384d1db8087bc449d107d52a52672b9e9"
  
  file-type@^5.2.0:
    version "5.2.0"
    resolved "http://registry.npm.taobao.org/file-type/download/file-type-5.2.0.tgz#2ddbea7c73ffe36368dfae49dc338c058c2b8ad6"
  
  file-type@^6.1.0:
    version "6.2.0"
    resolved "http://registry.npm.taobao.org/file-type/download/file-type-6.2.0.tgz#e50cd75d356ffed4e306dc4f5bcf52a79903a919"
  
  filename-reserved-regex@^2.0.0:
    version "2.0.0"
    resolved "http://registry.npm.taobao.org/filename-reserved-regex/download/filename-reserved-regex-2.0.0.tgz#abf73dfab735d045440abfea2d91f389ebbfa229"
  
  filenamify@^2.0.0:
    version "2.1.0"
    resolved "http://registry.npm.taobao.org/filenamify/download/filenamify-2.1.0.tgz#88faf495fb1b47abfd612300002a16228c677ee9"
    dependencies:
      filename-reserved-regex "^2.0.0"
      strip-outer "^1.0.0"
      trim-repeated "^1.0.0"
  
  find-cache-dir@^2.0.0:
    version "2.0.0"
    resolved "http://registry.npm.taobao.org/find-cache-dir/download/find-cache-dir-2.0.0.tgz#4c1faed59f45184530fb9d7fa123a4d04a98472d"
    dependencies:
      commondir "^1.0.1"
      make-dir "^1.0.0"
      pkg-dir "^3.0.0"
  
  find-up@^2.1.0:
    version "2.1.0"
    resolved "http://registry.npm.taobao.org/find-up/download/find-up-2.1.0.tgz#45d1b7e506c717ddd482775a2b77920a3c0c57a7"
    dependencies:
      locate-path "^2.0.0"
  
  find-up@^3.0.0:
    version "3.0.0"
    resolved "http://registry.npm.taobao.org/find-up/download/find-up-3.0.0.tgz#49169f1d7993430646da61ecc5ae355c21c97b73"
    dependencies:
      locate-path "^3.0.0"
  
  follow-redirects@^1.0.0:
    version "1.5.10"
    resolved "http://registry.npm.taobao.org/follow-redirects/download/follow-redirects-1.5.10.tgz#7b7a9f9aea2fdff36786a94ff643ed07f4ff5e2a"
    dependencies:
      debug "=3.1.0"
  
  foreground-child@^1.5.6:
    version "1.5.6"
    resolved "http://registry.npm.taobao.org/foreground-child/download/foreground-child-1.5.6.tgz#4fd71ad2dfde96789b980a5c0a295937cb2f5ce9"
    dependencies:
      cross-spawn "^4"
      signal-exit "^3.0.0"
  
  forever-agent@~0.6.1:
    version "0.6.1"
    resolved "http://registry.npm.taobao.org/forever-agent/download/forever-agent-0.6.1.tgz#fbc71f0c41adeb37f96c577ad1ed42d8fdacca91"
  
  form-data@~2.3.2:
    version "2.3.3"
    resolved "http://registry.npm.taobao.org/form-data/download/form-data-2.3.3.tgz#dcce52c05f644f298c6a7ab936bd724ceffbf3a6"
    dependencies:
      asynckit "^0.4.0"
      combined-stream "^1.0.6"
      mime-types "^2.1.12"
  
  fresh@~0.5.2:
    version "0.5.2"
    resolved "http://registry.npm.taobao.org/fresh/download/fresh-0.5.2.tgz#3d8cadd90d976569fa835ab1f8e4b23a105605a7"
  
  fs-constants@^1.0.0:
    version "1.0.0"
    resolved "http://registry.npm.taobao.org/fs-constants/download/fs-constants-1.0.0.tgz#6be0de9be998ce16af8afc24497b9ee9b7ccd9ad"
  
  fs-extra@~0.26.5:
    version "0.26.7"
    resolved "http://registry.npm.taobao.org/fs-extra/download/fs-extra-0.26.7.tgz#9ae1fdd94897798edab76d0918cf42d0c3184fa9"
    dependencies:
      graceful-fs "^4.1.2"
      jsonfile "^2.1.0"
      klaw "^1.0.0"
      path-is-absolute "^1.0.0"
      rimraf "^2.2.8"
  
  fs.realpath@^1.0.0:
    version "1.0.0"
    resolved "http://registry.npm.taobao.org/fs.realpath/download/fs.realpath-1.0.0.tgz#1504ad2523158caa40db4a2787cb01411994ea4f"
  
  get-caller-file@^1.0.1:
    version "1.0.3"
    resolved "http://registry.npm.taobao.org/get-caller-file/download/get-caller-file-1.0.3.tgz#f978fa4c90d1dfe7ff2d6beda2a515e713bdcf4a"
  
  get-proxy@^2.0.0:
    version "2.1.0"
    resolved "http://registry.npm.taobao.org/get-proxy/download/get-proxy-2.1.0.tgz#349f2b4d91d44c4d4d4e9cba2ad90143fac5ef93"
    dependencies:
      npm-conf "^1.1.0"
  
  get-stream@^2.2.0:
    version "2.3.1"
    resolved "http://registry.npm.taobao.org/get-stream/download/get-stream-2.3.1.tgz#5f38f93f346009666ee0150a054167f91bdd95de"
    dependencies:
      object-assign "^4.0.1"
      pinkie-promise "^2.0.0"
  
  get-stream@^3.0.0:
    version "3.0.0"
    resolved "http://registry.npm.taobao.org/get-stream/download/get-stream-3.0.0.tgz#8e943d1358dc37555054ecbe2edb05aa174ede14"
  
  getpass@^0.1.1:
    version "0.1.7"
    resolved "http://registry.npm.taobao.org/getpass/download/getpass-0.1.7.tgz#5eff8e3e684d569ae4cb2b1282604e8ba62149fa"
    dependencies:
      assert-plus "^1.0.0"
  
  git-clone@^0.1.0:
    version "0.1.0"
    resolved "http://registry.npm.taobao.org/git-clone/download/git-clone-0.1.0.tgz#0d76163778093aef7f1c30238f2a9ef3f07a2eb9"
  
  glob@^7.0.5, glob@^7.1.3:
    version "7.1.3"
    resolved "http://registry.npm.taobao.org/glob/download/glob-7.1.3.tgz#3960832d3f1574108342dafd3a67b332c0969df1"
    dependencies:
      fs.realpath "^1.0.0"
      inflight "^1.0.4"
      inherits "2"
      minimatch "^3.0.4"
      once "^1.3.0"
      path-is-absolute "^1.0.0"
  
  globals@^11.1.0:
    version "11.9.0"
    resolved "http://registry.npm.taobao.org/globals/download/globals-11.9.0.tgz#bde236808e987f290768a93d065060d78e6ab249"
  
  got@^6.3.0:
    version "6.7.1"
    resolved "http://registry.npm.taobao.org/got/download/got-6.7.1.tgz#240cd05785a9a18e561dc1b44b41c763ef1e8db0"
    dependencies:
      create-error-class "^3.0.0"
      duplexer3 "^0.1.4"
      get-stream "^3.0.0"
      is-redirect "^1.0.0"
      is-retry-allowed "^1.0.0"
      is-stream "^1.0.0"
      lowercase-keys "^1.0.0"
      safe-buffer "^5.0.1"
      timed-out "^4.0.0"
      unzip-response "^2.0.1"
      url-parse-lax "^1.0.0"
  
  graceful-fs@^4.1.10, graceful-fs@^4.1.11, graceful-fs@^4.1.2, graceful-fs@^4.1.6, graceful-fs@^4.1.9:
    version "4.1.15"
    resolved "http://registry.npm.taobao.org/graceful-fs/download/graceful-fs-4.1.15.tgz#ffb703e1066e8a0eeaa4c8b80ba9253eeefbfb00"
  
  "graceful-readlink@>= 1.0.0":
    version "1.0.1"
    resolved "http://registry.npm.taobao.org/graceful-readlink/download/graceful-readlink-1.0.1.tgz#4cafad76bc62f02fa039b2f94e9a3dd3a391a725"
  
  gray-matter@^2.0.0:
    version "2.1.1"
    resolved "http://registry.npm.taobao.org/gray-matter/download/gray-matter-2.1.1.tgz#3042d9adec2a1ded6a7707a9ed2380f8a17a430e"
    dependencies:
      ansi-red "^0.1.1"
      coffee-script "^1.12.4"
      extend-shallow "^2.0.1"
      js-yaml "^3.8.1"
      toml "^2.3.2"
  
  handlebars@^4.0.11, handlebars@^4.0.5:
    version "4.0.12"
    resolved "http://registry.npm.taobao.org/handlebars/download/handlebars-4.0.12.tgz#2c15c8a96d46da5e266700518ba8cb8d919d5bc5"
    dependencies:
      async "^2.5.0"
      optimist "^0.6.1"
      source-map "^0.6.1"
    optionalDependencies:
      uglify-js "^3.1.4"
  
  har-schema@^2.0.0:
    version "2.0.0"
    resolved "http://registry.npm.taobao.org/har-schema/download/har-schema-2.0.0.tgz#a94c2224ebcac04782a0d9035521f24735b7ec92"
  
  har-validator@~5.1.0:
    version "5.1.3"
    resolved "http://registry.npm.taobao.org/har-validator/download/har-validator-5.1.3.tgz#1ef89ebd3e4996557675eed9893110dc350fa080"
    dependencies:
      ajv "^6.5.5"
      har-schema "^2.0.0"
  
  has-ansi@^2.0.0:
    version "2.0.0"
    resolved "http://registry.npm.taobao.org/has-ansi/download/has-ansi-2.0.0.tgz#34f5049ce1ecdf2b0649af3ef24e45ed35416d91"
    dependencies:
      ansi-regex "^2.0.0"
  
  has-flag@^3.0.0:
    version "3.0.0"
    resolved "http://registry.npm.taobao.org/has-flag/download/has-flag-3.0.0.tgz#b5d454dc2199ae225699f3467e5a07f3b955bafd"
  
  has-generators@^1.0.1:
    version "1.0.1"
    resolved "http://registry.npm.taobao.org/has-generators/download/has-generators-1.0.1.tgz#a6a2e55486011940482e13e2c93791c449acf449"
  
  has-symbol-support-x@^1.4.1:
    version "1.4.2"
    resolved "http://registry.npm.taobao.org/has-symbol-support-x/download/has-symbol-support-x-1.4.2.tgz#1409f98bc00247da45da67cee0a36f282ff26455"
  
  has-to-string-tag-x@^1.2.0:
    version "1.4.1"
    resolved "http://registry.npm.taobao.org/has-to-string-tag-x/download/has-to-string-tag-x-1.4.1.tgz#a045ab383d7b4b2012a00148ab0aa5f290044d4d"
    dependencies:
      has-symbol-support-x "^1.4.1"
  
  he@^1.1.1:
    version "1.2.0"
    resolved "http://registry.npm.taobao.org/he/download/he-1.2.0.tgz#84ae65fa7eafb165fddb61566ae14baf05664f0f"
  
  hosted-git-info@^2.1.4:
    version "2.7.1"
    resolved "http://registry.npm.taobao.org/hosted-git-info/download/hosted-git-info-2.7.1.tgz#97f236977bd6e125408930ff6de3eec6281ec047"
  
  http-assert@^1.3.0:
    version "1.4.0"
    resolved "http://registry.npm.taobao.org/http-assert/download/http-assert-1.4.0.tgz#0e550b4fca6adf121bbeed83248c17e62f593a9a"
    dependencies:
      deep-equal "~1.0.1"
      http-errors "~1.7.1"
  
  http-errors@1.6.3:
    version "1.6.3"
    resolved "http://registry.npm.taobao.org/http-errors/download/http-errors-1.6.3.tgz#8b55680bb4be283a0b5bf4ea2e38580be1d9320d"
    dependencies:
      depd "~1.1.2"
      inherits "2.0.3"
      setprototypeof "1.1.0"
      statuses ">= 1.4.0 < 2"
  
  http-errors@^1.3.1, http-errors@^1.6.3, http-errors@~1.7.1:
    version "1.7.1"
    resolved "http://registry.npm.taobao.org/http-errors/download/http-errors-1.7.1.tgz#6a4ffe5d35188e1c39f872534690585852e1f027"
    dependencies:
      depd "~1.1.2"
      inherits "2.0.3"
      setprototypeof "1.1.0"
      statuses ">= 1.5.0 < 2"
      toidentifier "1.0.0"
  
  http-proxy@^1.8.1:
    version "1.17.0"
    resolved "http://registry.npm.taobao.org/http-proxy/download/http-proxy-1.17.0.tgz#7ad38494658f84605e2f6db4436df410f4e5be9a"
    dependencies:
      eventemitter3 "^3.0.0"
      follow-redirects "^1.0.0"
      requires-port "^1.0.0"
  
  http-server@^0.11.1:
    version "0.11.1"
    resolved "http://registry.npm.taobao.org/http-server/download/http-server-0.11.1.tgz#2302a56a6ffef7f9abea0147d838a5e9b6b6a79b"
    dependencies:
      colors "1.0.3"
      corser "~2.0.0"
      ecstatic "^3.0.0"
      http-proxy "^1.8.1"
      opener "~1.4.0"
      optimist "0.6.x"
      portfinder "^1.0.13"
      union "~0.4.3"
  
  http-signature@~1.2.0:
    version "1.2.0"
    resolved "http://registry.npm.taobao.org/http-signature/download/http-signature-1.2.0.tgz#9aecd925114772f3d95b65a60abb8f7c18fbace1"
    dependencies:
      assert-plus "^1.0.0"
      jsprim "^1.2.2"
      sshpk "^1.7.0"
  
  https-proxy-agent@^2.2.1:
    version "2.2.1"
    resolved "http://registry.npm.taobao.org/https-proxy-agent/download/https-proxy-agent-2.2.1.tgz#51552970fa04d723e04c56d04178c3f92592bbc0"
    dependencies:
      agent-base "^4.1.0"
      debug "^3.1.0"
  
  iconv-lite@0.4.23:
    version "0.4.23"
    resolved "http://registry.npm.taobao.org/iconv-lite/download/iconv-lite-0.4.23.tgz#297871f63be507adcfbfca715d0cd0eed84e9a63"
    dependencies:
      safer-buffer ">= 2.1.2 < 3"
  
  iconv-lite@^0.4.24:
    version "0.4.24"
    resolved "http://registry.npm.taobao.org/iconv-lite/download/iconv-lite-0.4.24.tgz#2022b4b25fbddc21d2f524974a474aafe733908b"
    dependencies:
      safer-buffer ">= 2.1.2 < 3"
  
  ieee754@^1.1.4:
    version "1.1.12"
    resolved "http://registry.npm.taobao.org/ieee754/download/ieee754-1.1.12.tgz#50bf24e5b9c8bb98af4964c941cdb0918da7b60b"
  
  imurmurhash@^0.1.4:
    version "0.1.4"
    resolved "http://registry.npm.taobao.org/imurmurhash/download/imurmurhash-0.1.4.tgz#9218b9b2b928a238b13dc4fb6b6d576f231453ea"
  
  inflation@^2.0.0:
    version "2.0.0"
    resolved "http://registry.npm.taobao.org/inflation/download/inflation-2.0.0.tgz#8b417e47c28f925a45133d914ca1fd389107f30f"
  
  inflight@^1.0.4:
    version "1.0.6"
    resolved "http://registry.npm.taobao.org/inflight/download/inflight-1.0.6.tgz#49bd6331d7d02d0c09bc910a1075ba8165b56df9"
    dependencies:
      once "^1.3.0"
      wrappy "1"
  
  inherits@2, inherits@2.0.3, inherits@^2.0.3, inherits@~2.0.3:
    version "2.0.3"
    resolved "http://registry.npm.taobao.org/inherits/download/inherits-2.0.3.tgz#633c2c83e3da42a502f52466022480f4208261de"
  
  ini@^1.3.4:
    version "1.3.5"
    resolved "http://registry.npm.taobao.org/ini/download/ini-1.3.5.tgz#eee25f56db1c9ec6085e0c22778083f596abf927"
  
  inquirer@^6.0.0:
    version "6.2.1"
    resolved "http://registry.npm.taobao.org/inquirer/download/inquirer-6.2.1.tgz#9943fc4882161bdb0b0c9276769c75b32dbfcd52"
    dependencies:
      ansi-escapes "^3.0.0"
      chalk "^2.0.0"
      cli-cursor "^2.1.0"
      cli-width "^2.0.0"
      external-editor "^3.0.0"
      figures "^2.0.0"
      lodash "^4.17.10"
      mute-stream "0.0.7"
      run-async "^2.2.0"
      rxjs "^6.1.0"
      string-width "^2.1.0"
      strip-ansi "^5.0.0"
      through "^2.3.6"
  
  invert-kv@^1.0.0:
    version "1.0.0"
    resolved "http://registry.npm.taobao.org/invert-kv/download/invert-kv-1.0.0.tgz#104a8e4aaca6d3d8cd157a8ef8bfab2d7a3ffdb6"
  
  is-arrayish@^0.2.1:
    version "0.2.1"
    resolved "http://registry.npm.taobao.org/is-arrayish/download/is-arrayish-0.2.1.tgz#77c99840527aa8ecb1a8ba697b80645a7a926a9d"
  
  is-builtin-module@^1.0.0:
    version "1.0.0"
    resolved "http://registry.npm.taobao.org/is-builtin-module/download/is-builtin-module-1.0.0.tgz#540572d34f7ac3119f8f76c30cbc1b1e037affbe"
    dependencies:
      builtin-modules "^1.0.0"
  
  is-extendable@^0.1.0:
    version "0.1.1"
    resolved "http://registry.npm.taobao.org/is-extendable/download/is-extendable-0.1.1.tgz#62b110e289a471418e3ec36a617d472e301dfc89"
  
  is-fullwidth-code-point@^1.0.0:
    version "1.0.0"
    resolved "http://registry.npm.taobao.org/is-fullwidth-code-point/download/is-fullwidth-code-point-1.0.0.tgz#ef9e31386f031a7f0d643af82fde50c457ef00cb"
    dependencies:
      number-is-nan "^1.0.0"
  
  is-fullwidth-code-point@^2.0.0:
    version "2.0.0"
    resolved "http://registry.npm.taobao.org/is-fullwidth-code-point/download/is-fullwidth-code-point-2.0.0.tgz#a3b30a5c4f199183167aaab93beefae3ddfb654f"
  
  is-generator-function@^1.0.7:
    version "1.0.7"
    resolved "http://registry.npm.taobao.org/is-generator-function/download/is-generator-function-1.0.7.tgz#d2132e529bb0000a7f80794d4bdf5cd5e5813522"
  
  is-natural-number@^4.0.1:
    version "4.0.1"
    resolved "http://registry.npm.taobao.org/is-natural-number/download/is-natural-number-4.0.1.tgz#ab9d76e1db4ced51e35de0c72ebecf09f734cde8"
  
  is-object@^1.0.1:
    version "1.0.1"
    resolved "http://registry.npm.taobao.org/is-object/download/is-object-1.0.1.tgz#8952688c5ec2ffd6b03ecc85e769e02903083470"
  
  is-promise@^2.1.0:
    version "2.1.0"
    resolved "http://registry.npm.taobao.org/is-promise/download/is-promise-2.1.0.tgz#79a2a9ece7f096e80f36d2b2f3bc16c1ff4bf3fa"
  
  is-redirect@^1.0.0:
    version "1.0.0"
    resolved "http://registry.npm.taobao.org/is-redirect/download/is-redirect-1.0.0.tgz#1d03dded53bd8db0f30c26e4f95d36fc7c87dc24"
  
  is-retry-allowed@^1.0.0:
    version "1.1.0"
    resolved "http://registry.npm.taobao.org/is-retry-allowed/download/is-retry-allowed-1.1.0.tgz#11a060568b67339444033d0125a61a20d564fb34"
  
  is-stream@^1.0.0, is-stream@^1.1.0:
    version "1.1.0"
    resolved "http://registry.npm.taobao.org/is-stream/download/is-stream-1.1.0.tgz#12d4a3dd4e68e0b79ceb8dbc84173ae80d91ca44"
  
  is-typedarray@~1.0.0:
    version "1.0.0"
    resolved "http://registry.npm.taobao.org/is-typedarray/download/is-typedarray-1.0.0.tgz#e479c80858df0c1b11ddda6940f96011fcda4a9a"
  
  is-utf8@~0.2.0:
    version "0.2.1"
    resolved "http://registry.npm.taobao.org/is-utf8/download/is-utf8-0.2.1.tgz#4b0da1442104d1b336340e80797e865cf39f7d72"
  
  is@^3.1.0:
    version "3.2.1"
    resolved "http://registry.npm.taobao.org/is/download/is-3.2.1.tgz#d0ac2ad55eb7b0bec926a5266f6c662aaa83dca5"
  
  isarray@0.0.1:
    version "0.0.1"
    resolved "http://registry.npm.taobao.org/isarray/download/isarray-0.0.1.tgz#8a18acfca9a8f4177e09abfc6038939b05d1eedf"
  
  isarray@^1.0.0, isarray@~1.0.0:
    version "1.0.0"
    resolved "http://registry.npm.taobao.org/isarray/download/isarray-1.0.0.tgz#bb935d48582cba168c06834957a54a3e07124f11"
  
  isexe@^2.0.0:
    version "2.0.0"
    resolved "http://registry.npm.taobao.org/isexe/download/isexe-2.0.0.tgz#e8fbf374dc556ff8947a10dcb0572d633f2cfa10"
  
  isstream@~0.1.2:
    version "0.1.2"
    resolved "http://registry.npm.taobao.org/isstream/download/isstream-0.1.2.tgz#47e63f7af55afa6f92e1500e690eb8b8529c099a"
  
  istanbul-lib-coverage@^2.0.1:
    version "2.0.1"
    resolved "http://registry.npm.taobao.org/istanbul-lib-coverage/download/istanbul-lib-coverage-2.0.1.tgz#2aee0e073ad8c5f6a0b00e0dfbf52b4667472eda"
  
  istanbul-lib-hook@^2.0.1:
    version "2.0.1"
    resolved "http://registry.npm.taobao.org/istanbul-lib-hook/download/istanbul-lib-hook-2.0.1.tgz#918a57b75a0f951d552a08487ca1fa5336433d72"
    dependencies:
      append-transform "^1.0.0"
  
  istanbul-lib-instrument@^3.0.0:
    version "3.0.0"
    resolved "http://registry.npm.taobao.org/istanbul-lib-instrument/download/istanbul-lib-instrument-3.0.0.tgz#b5f066b2a161f75788be17a9d556f40a0cf2afc9"
    dependencies:
      "@babel/generator" "^7.0.0"
      "@babel/parser" "^7.0.0"
      "@babel/template" "^7.0.0"
      "@babel/traverse" "^7.0.0"
      "@babel/types" "^7.0.0"
      istanbul-lib-coverage "^2.0.1"
      semver "^5.5.0"
  
  istanbul-lib-report@^2.0.2:
    version "2.0.2"
    resolved "http://registry.npm.taobao.org/istanbul-lib-report/download/istanbul-lib-report-2.0.2.tgz#430a2598519113e1da7af274ba861bd42dd97535"
    dependencies:
      istanbul-lib-coverage "^2.0.1"
      make-dir "^1.3.0"
      supports-color "^5.4.0"
  
  istanbul-lib-source-maps@^2.0.1:
    version "2.0.1"
    resolved "http://registry.npm.taobao.org/istanbul-lib-source-maps/download/istanbul-lib-source-maps-2.0.1.tgz#ce8b45131d8293fdeaa732f4faf1852d13d0a97e"
    dependencies:
      debug "^3.1.0"
      istanbul-lib-coverage "^2.0.1"
      make-dir "^1.3.0"
      rimraf "^2.6.2"
      source-map "^0.6.1"
  
  istanbul-reports@^2.0.1:
    version "2.0.1"
    resolved "http://registry.npm.taobao.org/istanbul-reports/download/istanbul-reports-2.0.1.tgz#fb8d6ea850701a3984350b977a969e9a556116a7"
    dependencies:
      handlebars "^4.0.11"
  
  isurl@^1.0.0-alpha5:
    version "1.0.0"
    resolved "http://registry.npm.taobao.org/isurl/download/isurl-1.0.0.tgz#b27f4f49f3cdaa3ea44a0a5b7f3462e6edc39d67"
    dependencies:
      has-to-string-tag-x "^1.2.0"
      is-object "^1.0.1"
  
  js-tokens@^4.0.0:
    version "4.0.0"
    resolved "http://registry.npm.taobao.org/js-tokens/download/js-tokens-4.0.0.tgz#19203fb59991df98e3a287050d4647cdeaf32499"
  
  js-yaml@^3.8.1:
    version "3.12.0"
    resolved "http://registry.npm.taobao.org/js-yaml/download/js-yaml-3.12.0.tgz#eaed656ec8344f10f527c6bfa1b6e2244de167d1"
    dependencies:
      argparse "^1.0.7"
      esprima "^4.0.0"
  
  jsbn@~0.1.0:
    version "0.1.1"
    resolved "http://registry.npm.taobao.org/jsbn/download/jsbn-0.1.1.tgz#a5e654c2e5a2deb5f201d96cefbca80c0ef2f513"
  
  jsesc@^2.5.1:
    version "2.5.2"
    resolved "http://registry.npm.taobao.org/jsesc/download/jsesc-2.5.2.tgz#80564d2e483dacf6e8ef209650a67df3f0c283a4"
  
  json-parse-better-errors@^1.0.1:
    version "1.0.2"
    resolved "http://registry.npm.taobao.org/json-parse-better-errors/download/json-parse-better-errors-1.0.2.tgz#bb867cfb3450e69107c131d1c514bab3dc8bcaa9"
  
  json-schema-traverse@^0.4.1:
    version "0.4.1"
    resolved "http://registry.npm.taobao.org/json-schema-traverse/download/json-schema-traverse-0.4.1.tgz#69f6a87d9513ab8bb8fe63bdb0979c448e684660"
  
  json-schema@0.2.3:
    version "0.2.3"
    resolved "http://registry.npm.taobao.org/json-schema/download/json-schema-0.2.3.tgz#b480c892e59a2f05954ce727bd3f2a4e882f9e13"
  
  json-stringify-safe@~5.0.1:
    version "5.0.1"
    resolved "http://registry.npm.taobao.org/json-stringify-safe/download/json-stringify-safe-5.0.1.tgz#1296a2d58fd45f19a0f6ce01d65701e2c735b6eb"
  
  jsonfile@^2.1.0:
    version "2.4.0"
    resolved "http://registry.npm.taobao.org/jsonfile/download/jsonfile-2.4.0.tgz#3736a2b428b87bbda0cc83b53fa3d633a35c2ae8"
    optionalDependencies:
      graceful-fs "^4.1.6"
  
  jsprim@^1.2.2:
    version "1.4.1"
    resolved "http://registry.npm.taobao.org/jsprim/download/jsprim-1.4.1.tgz#313e66bc1e5cc06e438bc1b7499c2e5c56acb6a2"
    dependencies:
      assert-plus "1.0.0"
      extsprintf "1.3.0"
      json-schema "0.2.3"
      verror "1.10.0"
  
  keygrip@~1.0.3:
    version "1.0.3"
    resolved "http://registry.npm.taobao.org/keygrip/download/keygrip-1.0.3.tgz#399d709f0aed2bab0a059e0cdd3a5023a053e1dc"
  
  klaw@^1.0.0:
    version "1.3.1"
    resolved "http://registry.npm.taobao.org/klaw/download/klaw-1.3.1.tgz#4088433b46b3b1ba259d78785d8e96f73ba02439"
    optionalDependencies:
      graceful-fs "^4.1.9"
  
  koa-bodyparser@^4.2.1:
    version "4.2.1"
    resolved "http://registry.npm.taobao.org/koa-bodyparser/download/koa-bodyparser-4.2.1.tgz#4d7dacb5e6db1106649b595d9e5ccb158b6f3b29"
    dependencies:
      co-body "^6.0.0"
      copy-to "^2.0.1"
  
  koa-compose@^3.0.0:
    version "3.2.1"
    resolved "http://registry.npm.taobao.org/koa-compose/download/koa-compose-3.2.1.tgz#a85ccb40b7d986d8e5a345b3a1ace8eabcf54de7"
    dependencies:
      any-promise "^1.1.0"
  
  koa-compose@^4.1.0:
    version "4.1.0"
    resolved "http://registry.npm.taobao.org/koa-compose/download/koa-compose-4.1.0.tgz#507306b9371901db41121c812e923d0d67d3e877"
  
  koa-convert@^1.2.0:
    version "1.2.0"
    resolved "http://registry.npm.taobao.org/koa-convert/download/koa-convert-1.2.0.tgz#da40875df49de0539098d1700b50820cebcd21d0"
    dependencies:
      co "^4.6.0"
      koa-compose "^3.0.0"
  
  koa-is-json@^1.0.0:
    version "1.0.0"
    resolved "http://registry.npm.taobao.org/koa-is-json/download/koa-is-json-1.0.0.tgz#273c07edcdcb8df6a2c1ab7d59ee76491451ec14"
  
  koa-router@^7.4.0:
    version "7.4.0"
    resolved "http://registry.npm.taobao.org/koa-router/download/koa-router-7.4.0.tgz#aee1f7adc02d5cb31d7d67465c9eacc825e8c5e0"
    dependencies:
      debug "^3.1.0"
      http-errors "^1.3.1"
      koa-compose "^3.0.0"
      methods "^1.0.1"
      path-to-regexp "^1.1.1"
      urijs "^1.19.0"
  
  koa@^2.6.2:
    version "2.6.2"
    resolved "http://registry.npm.taobao.org/koa/download/koa-2.6.2.tgz#57ba4d049b0a99cae0d594e6144e2931949a7ce1"
    dependencies:
      accepts "^1.3.5"
      cache-content-type "^1.0.0"
      content-disposition "~0.5.2"
      content-type "^1.0.4"
      cookies "~0.7.1"
      debug "~3.1.0"
      delegates "^1.0.0"
      depd "^1.1.2"
      destroy "^1.0.4"
      error-inject "^1.0.0"
      escape-html "^1.0.3"
      fresh "~0.5.2"
      http-assert "^1.3.0"
      http-errors "^1.6.3"
      is-generator-function "^1.0.7"
      koa-compose "^4.1.0"
      koa-convert "^1.2.0"
      koa-is-json "^1.0.0"
      on-finished "^2.3.0"
      only "~0.0.2"
      parseurl "^1.3.2"
      statuses "^1.5.0"
      type-is "^1.6.16"
      vary "^1.1.2"
  
  lcid@^1.0.0:
    version "1.0.0"
    resolved "http://registry.npm.taobao.org/lcid/download/lcid-1.0.0.tgz#308accafa0bc483a3867b4b6f2b9506251d1b835"
    dependencies:
      invert-kv "^1.0.0"
  
  load-json-file@^4.0.0:
    version "4.0.0"
    resolved "http://registry.npm.taobao.org/load-json-file/download/load-json-file-4.0.0.tgz#2f5f45ab91e33216234fd53adab668eb4ec0993b"
    dependencies:
      graceful-fs "^4.1.2"
      parse-json "^4.0.0"
      pify "^3.0.0"
      strip-bom "^3.0.0"
  
  locate-path@^2.0.0:
    version "2.0.0"
    resolved "http://registry.npm.taobao.org/locate-path/download/locate-path-2.0.0.tgz#2b568b265eec944c6d9c0de9c3dbbbca0354cd8e"
    dependencies:
      p-locate "^2.0.0"
      path-exists "^3.0.0"
  
  locate-path@^3.0.0:
    version "3.0.0"
    resolved "http://registry.npm.taobao.org/locate-path/download/locate-path-3.0.0.tgz#dbec3b3ab759758071b58fe59fc41871af21400e"
    dependencies:
      p-locate "^3.0.0"
      path-exists "^3.0.0"
  
  lodash.flattendeep@^4.4.0:
    version "4.4.0"
    resolved "http://registry.npm.taobao.org/lodash.flattendeep/download/lodash.flattendeep-4.4.0.tgz#fb030917f86a3134e5bc9bec0d69e0013ddfedb2"
  
  lodash@^4.17.10:
    version "4.17.11"
    resolved "http://registry.npm.taobao.org/lodash/download/lodash-4.17.11.tgz#b39ea6229ef607ecd89e2c8df12536891cac9b8d"
  
  log-symbols@^2.1.0:
    version "2.2.0"
    resolved "http://registry.npm.taobao.org/log-symbols/download/log-symbols-2.2.0.tgz#5740e1c5d6f0dfda4ad9323b5332107ef6b4c40a"
    dependencies:
      chalk "^2.0.1"
  
  lowercase-keys@^1.0.0:
    version "1.0.1"
    resolved "http://registry.npm.taobao.org/lowercase-keys/download/lowercase-keys-1.0.1.tgz#6f9e30b47084d971a7c820ff15a6c5167b74c26f"
  
  lru-cache@^4.0.1:
    version "4.1.5"
    resolved "http://registry.npm.taobao.org/lru-cache/download/lru-cache-4.1.5.tgz#8bbe50ea85bed59bc9e33dcab8235ee9bcf443cd"
    dependencies:
      pseudomap "^1.0.2"
      yallist "^2.1.2"
  
  make-dir@^1.0.0, make-dir@^1.3.0:
    version "1.3.0"
    resolved "http://registry.npm.taobao.org/make-dir/download/make-dir-1.3.0.tgz#79c1033b80515bd6d24ec9933e860ca75ee27f0c"
    dependencies:
      pify "^3.0.0"
  
  md5-hex@^2.0.0:
    version "2.0.0"
    resolved "http://registry.npm.taobao.org/md5-hex/download/md5-hex-2.0.0.tgz#d0588e9f1c74954492ecd24ac0ac6ce997d92e33"
    dependencies:
      md5-o-matic "^0.1.1"
  
  md5-o-matic@^0.1.1:
    version "0.1.1"
    resolved "http://registry.npm.taobao.org/md5-o-matic/download/md5-o-matic-0.1.1.tgz#822bccd65e117c514fab176b25945d54100a03c3"
  
  media-typer@0.3.0:
    version "0.3.0"
    resolved "http://registry.npm.taobao.org/media-typer/download/media-typer-0.3.0.tgz#8710d7af0aa626f8fffa1ce00168545263255748"
  
  mem@^1.1.0:
    version "1.1.0"
    resolved "http://registry.npm.taobao.org/mem/download/mem-1.1.0.tgz#5edd52b485ca1d900fe64895505399a0dfa45f76"
    dependencies:
      mimic-fn "^1.0.0"
  
  merge-source-map@^1.1.0:
    version "1.1.0"
    resolved "http://registry.npm.taobao.org/merge-source-map/download/merge-source-map-1.1.0.tgz#2fdde7e6020939f70906a68f2d7ae685e4c8c646"
    dependencies:
      source-map "^0.6.1"
  
  metalsmith@^2.1.0:
    version "2.3.0"
    resolved "http://registry.npm.taobao.org/metalsmith/download/metalsmith-2.3.0.tgz#833afbb5a2a6385e2d9ae3d935e39e33eaea5231"
    dependencies:
      absolute "0.0.1"
      chalk "^1.1.3"
      clone "^1.0.2"
      co-fs-extra "^1.2.1"
      commander "^2.6.0"
      gray-matter "^2.0.0"
      has-generators "^1.0.1"
      is "^3.1.0"
      is-utf8 "~0.2.0"
      recursive-readdir "^2.1.0"
      rimraf "^2.2.8"
      stat-mode "^0.2.0"
      thunkify "^2.1.2"
      unyield "0.0.1"
      ware "^1.2.0"
      win-fork "^1.1.1"
  
  methods@^1.0.1:
    version "1.1.2"
    resolved "http://registry.npm.taobao.org/methods/download/methods-1.1.2.tgz#5529a4d67654134edcc5266656835b0f851afcee"
  
  mime-db@~1.37.0:
    version "1.37.0"
    resolved "http://registry.npm.taobao.org/mime-db/download/mime-db-1.37.0.tgz#0b6a0ce6fdbe9576e25f1f2d2fde8830dc0ad0d8"
  
  mime-types@^2.1.12, mime-types@^2.1.18, mime-types@~2.1.18, mime-types@~2.1.19:
    version "2.1.21"
    resolved "http://registry.npm.taobao.org/mime-types/download/mime-types-2.1.21.tgz#28995aa1ecb770742fe6ae7e58f9181c744b3f96"
    dependencies:
      mime-db "~1.37.0"
  
  mime@^1.6.0:
    version "1.6.0"
    resolved "http://registry.npm.taobao.org/mime/download/mime-1.6.0.tgz#32cd9e5c64553bd58d19a568af452acff04981b1"
  
  mime@^2.0.3:
    version "2.4.0"
    resolved "http://registry.npm.taobao.org/mime/download/mime-2.4.0.tgz#e051fd881358585f3279df333fe694da0bcffdd6"
  
  mimic-fn@^1.0.0:
    version "1.2.0"
    resolved "http://registry.npm.taobao.org/mimic-fn/download/mimic-fn-1.2.0.tgz#820c86a39334640e99516928bd03fca88057d022"
  
  minimatch@3.0.4, minimatch@^3.0.0, minimatch@^3.0.4:
    version "3.0.4"
    resolved "http://registry.npm.taobao.org/minimatch/download/minimatch-3.0.4.tgz#5166e286457f03306064be5497e8dbb0c3d32083"
    dependencies:
      brace-expansion "^1.1.7"
  
  minimist@0.0.8:
    version "0.0.8"
    resolved "http://registry.npm.taobao.org/minimist/download/minimist-0.0.8.tgz#857fcabfc3397d2625b8228262e86aa7a011b05d"
  
  minimist@^1.1.0:
    version "1.2.0"
    resolved "http://registry.npm.taobao.org/minimist/download/minimist-1.2.0.tgz#a35008b20f41383eec1fb914f4cd5df79a264284"
  
  minimist@~0.0.1:
    version "0.0.10"
    resolved "http://registry.npm.taobao.org/minimist/download/minimist-0.0.10.tgz#de3f98543dbf96082be48ad1a0c7cda836301dcf"
  
  mkdirp@0.5.1, mkdirp@0.5.x, mkdirp@^0.5.0, mkdirp@^0.5.1:
    version "0.5.1"
    resolved "http://registry.npm.taobao.org/mkdirp/download/mkdirp-0.5.1.tgz#30057438eac6cf7f8c4767f38648d6697d75c903"
    dependencies:
      minimist "0.0.8"
  
  ms@2.0.0:
    version "2.0.0"
    resolved "http://registry.npm.taobao.org/ms/download/ms-2.0.0.tgz#5608aeadfc00be6c2901df5f9861788de0d597c8"
  
  ms@^2.1.1:
    version "2.1.1"
    resolved "http://registry.npm.taobao.org/ms/download/ms-2.1.1.tgz#30a5864eb3ebb0a66f2ebe6d727af06a09d86e0a"
  
  multimatch@^2.1.0:
    version "2.1.0"
    resolved "http://registry.npm.taobao.org/multimatch/download/multimatch-2.1.0.tgz#9c7906a22fb4c02919e2f5f75161b4cdbd4b2a2b"
    dependencies:
      array-differ "^1.0.0"
      array-union "^1.0.1"
      arrify "^1.0.0"
      minimatch "^3.0.0"
  
  mute-stream@0.0.7:
    version "0.0.7"
    resolved "http://registry.npm.taobao.org/mute-stream/download/mute-stream-0.0.7.tgz#3075ce93bc21b8fab43e1bc4da7e8115ed1e7bab"
  
  negotiator@0.6.1:
    version "0.6.1"
    resolved "http://registry.npm.taobao.org/negotiator/download/negotiator-0.6.1.tgz#2b327184e8992101177b28563fb5e7102acd0ca9"
  
  normalize-package-data@^2.3.2:
    version "2.4.0"
    resolved "http://registry.npm.taobao.org/normalize-package-data/download/normalize-package-data-2.4.0.tgz#12f95a307d58352075a04907b84ac8be98ac012f"
    dependencies:
      hosted-git-info "^2.1.4"
      is-builtin-module "^1.0.0"
      semver "2 || 3 || 4 || 5"
      validate-npm-package-license "^3.0.1"
  
  npm-conf@^1.1.0:
    version "1.1.3"
    resolved "http://registry.npm.taobao.org/npm-conf/download/npm-conf-1.1.3.tgz#256cc47bd0e218c259c4e9550bf413bc2192aff9"
    dependencies:
      config-chain "^1.1.11"
      pify "^3.0.0"
  
  npm-run-path@^2.0.0:
    version "2.0.2"
    resolved "http://registry.npm.taobao.org/npm-run-path/download/npm-run-path-2.0.2.tgz#35a9232dfa35d7067b4cb2ddf2357b1871536c5f"
    dependencies:
      path-key "^2.0.0"
  
  number-is-nan@^1.0.0:
    version "1.0.1"
    resolved "http://registry.npm.taobao.org/number-is-nan/download/number-is-nan-1.0.1.tgz#097b602b53422a522c1afb8790318336941a011d"
  
  nyc@^13.1.0:
    version "13.1.0"
    resolved "http://registry.npm.taobao.org/nyc/download/nyc-13.1.0.tgz#463665c7ff6b5798e322624a5eb449a678db90e3"
    dependencies:
      archy "^1.0.0"
      arrify "^1.0.1"
      caching-transform "^2.0.0"
      convert-source-map "^1.6.0"
      debug-log "^1.0.1"
      find-cache-dir "^2.0.0"
      find-up "^3.0.0"
      foreground-child "^1.5.6"
      glob "^7.1.3"
      istanbul-lib-coverage "^2.0.1"
      istanbul-lib-hook "^2.0.1"
      istanbul-lib-instrument "^3.0.0"
      istanbul-lib-report "^2.0.2"
      istanbul-lib-source-maps "^2.0.1"
      istanbul-reports "^2.0.1"
      make-dir "^1.3.0"
      merge-source-map "^1.1.0"
      resolve-from "^4.0.0"
      rimraf "^2.6.2"
      signal-exit "^3.0.2"
      spawn-wrap "^1.4.2"
      test-exclude "^5.0.0"
      uuid "^3.3.2"
      yargs "11.1.0"
      yargs-parser "^9.0.2"
  
  oauth-sign@~0.9.0:
    version "0.9.0"
    resolved "http://registry.npm.taobao.org/oauth-sign/download/oauth-sign-0.9.0.tgz#47a7b016baa68b5fa0ecf3dee08a85c679ac6455"
  
  object-assign@^4.0.1:
    version "4.1.1"
    resolved "http://registry.npm.taobao.org/object-assign/download/object-assign-4.1.1.tgz#2109adc7965887cfc05cbbd442cac8bfbb360863"
  
  on-finished@^2.3.0:
    version "2.3.0"
    resolved "http://registry.npm.taobao.org/on-finished/download/on-finished-2.3.0.tgz#20f1336481b083cd75337992a16971aa2d906947"
    dependencies:
      ee-first "1.1.1"
  
  once@^1.3.0, once@^1.4.0:
    version "1.4.0"
    resolved "http://registry.npm.taobao.org/once/download/once-1.4.0.tgz#583b1aa775961d4b113ac17d9c50baef9dd76bd1"
    dependencies:
      wrappy "1"
  
  onetime@^2.0.0:
    version "2.0.1"
    resolved "http://registry.npm.taobao.org/onetime/download/onetime-2.0.1.tgz#067428230fd67443b2794b22bba528b6867962d4"
    dependencies:
      mimic-fn "^1.0.0"
  
  only@~0.0.2:
    version "0.0.2"
    resolved "http://registry.npm.taobao.org/only/download/only-0.0.2.tgz#2afde84d03e50b9a8edc444e30610a70295edfb4"
  
  opener@~1.4.0:
    version "1.4.3"
    resolved "http://registry.npm.taobao.org/opener/download/opener-1.4.3.tgz#5c6da2c5d7e5831e8ffa3964950f8d6674ac90b8"
  
  optimist@0.6.x, optimist@^0.6.1:
    version "0.6.1"
    resolved "http://registry.npm.taobao.org/optimist/download/optimist-0.6.1.tgz#da3ea74686fa21a19a111c326e90eb15a0196686"
    dependencies:
      minimist "~0.0.1"
      wordwrap "~0.0.2"
  
  ora@^1.3.0:
    version "1.4.0"
    resolved "http://registry.npm.taobao.org/ora/download/ora-1.4.0.tgz#884458215b3a5d4097592285f93321bb7a79e2e5"
    dependencies:
      chalk "^2.1.0"
      cli-cursor "^2.1.0"
      cli-spinners "^1.0.1"
      log-symbols "^2.1.0"
  
  os-homedir@^1.0.0, os-homedir@^1.0.1:
    version "1.0.2"
    resolved "http://registry.npm.taobao.org/os-homedir/download/os-homedir-1.0.2.tgz#ffbc4988336e0e833de0c168c7ef152121aa7fb3"
  
  os-locale@^2.0.0:
    version "2.1.0"
    resolved "http://registry.npm.taobao.org/os-locale/download/os-locale-2.1.0.tgz#42bc2900a6b5b8bd17376c8e882b65afccf24bf2"
    dependencies:
      execa "^0.7.0"
      lcid "^1.0.0"
      mem "^1.1.0"
  
  os-tmpdir@~1.0.2:
    version "1.0.2"
    resolved "http://registry.npm.taobao.org/os-tmpdir/download/os-tmpdir-1.0.2.tgz#bbe67406c79aa85c5cfec766fe5734555dfa1274"
  
  p-finally@^1.0.0:
    version "1.0.0"
    resolved "http://registry.npm.taobao.org/p-finally/download/p-finally-1.0.0.tgz#3fbcfb15b899a44123b34b6dcc18b724336a2cae"
  
  p-limit@^1.1.0:
    version "1.3.0"
    resolved "http://registry.npm.taobao.org/p-limit/download/p-limit-1.3.0.tgz#b86bd5f0c25690911c7590fcbfc2010d54b3ccb8"
    dependencies:
      p-try "^1.0.0"
  
  p-limit@^2.0.0:
    version "2.0.0"
    resolved "http://registry.npm.taobao.org/p-limit/download/p-limit-2.0.0.tgz#e624ed54ee8c460a778b3c9f3670496ff8a57aec"
    dependencies:
      p-try "^2.0.0"
  
  p-locate@^2.0.0:
    version "2.0.0"
    resolved "http://registry.npm.taobao.org/p-locate/download/p-locate-2.0.0.tgz#20a0103b222a70c8fd39cc2e580680f3dde5ec43"
    dependencies:
      p-limit "^1.1.0"
  
  p-locate@^3.0.0:
    version "3.0.0"
    resolved "http://registry.npm.taobao.org/p-locate/download/p-locate-3.0.0.tgz#322d69a05c0264b25997d9f40cd8a891ab0064a4"
    dependencies:
      p-limit "^2.0.0"
  
  p-try@^1.0.0:
    version "1.0.0"
    resolved "http://registry.npm.taobao.org/p-try/download/p-try-1.0.0.tgz#cbc79cdbaf8fd4228e13f621f2b1a237c1b207b3"
  
  p-try@^2.0.0:
    version "2.0.0"
    resolved "http://registry.npm.taobao.org/p-try/download/p-try-2.0.0.tgz#85080bb87c64688fa47996fe8f7dfbe8211760b1"
  
  package-hash@^2.0.0:
    version "2.0.0"
    resolved "http://registry.npm.taobao.org/package-hash/download/package-hash-2.0.0.tgz#78ae326c89e05a4d813b68601977af05c00d2a0d"
    dependencies:
      graceful-fs "^4.1.11"
      lodash.flattendeep "^4.4.0"
      md5-hex "^2.0.0"
      release-zalgo "^1.0.0"
  
  parse-json@^4.0.0:
    version "4.0.0"
    resolved "http://registry.npm.taobao.org/parse-json/download/parse-json-4.0.0.tgz#be35f5425be1f7f6c747184f98a788cb99477ee0"
    dependencies:
      error-ex "^1.3.1"
      json-parse-better-errors "^1.0.1"
  
  parseurl@^1.3.2:
    version "1.3.2"
    resolved "http://registry.npm.taobao.org/parseurl/download/parseurl-1.3.2.tgz#fc289d4ed8993119460c156253262cdc8de65bf3"
  
  path-exists@^3.0.0:
    version "3.0.0"
    resolved "http://registry.npm.taobao.org/path-exists/download/path-exists-3.0.0.tgz#ce0ebeaa5f78cb18925ea7d810d7b59b010fd515"
  
  path-is-absolute@^1.0.0:
    version "1.0.1"
    resolved "http://registry.npm.taobao.org/path-is-absolute/download/path-is-absolute-1.0.1.tgz#174b9268735534ffbc7ace6bf53a5a9e1b5c5f5f"
  
  path-key@^2.0.0:
    version "2.0.1"
    resolved "http://registry.npm.taobao.org/path-key/download/path-key-2.0.1.tgz#411cadb574c5a140d3a4b1910d40d80cc9f40b40"
  
  path-to-regexp@^1.1.1:
    version "1.7.0"
    resolved "http://registry.npm.taobao.org/path-to-regexp/download/path-to-regexp-1.7.0.tgz#59fde0f435badacba103a84e9d3bc64e96b9937d"
    dependencies:
      isarray "0.0.1"
  
  path-type@^3.0.0:
    version "3.0.0"
    resolved "http://registry.npm.taobao.org/path-type/download/path-type-3.0.0.tgz#cef31dc8e0a1a3bb0d105c0cd97cf3bf47f4e36f"
    dependencies:
      pify "^3.0.0"
  
  pend@~1.2.0:
    version "1.2.0"
    resolved "http://registry.npm.taobao.org/pend/download/pend-1.2.0.tgz#7a57eb550a6783f9115331fcf4663d5c8e007a50"
  
  performance-now@^2.1.0:
    version "2.1.0"
    resolved "http://registry.npm.taobao.org/performance-now/download/performance-now-2.1.0.tgz#6309f4e0e5fa913ec1c69307ae364b4b377c9e7b"
  
  pify@^2.3.0:
    version "2.3.0"
    resolved "http://registry.npm.taobao.org/pify/download/pify-2.3.0.tgz#ed141a6ac043a849ea588498e7dca8b15330e90c"
  
  pify@^3.0.0:
    version "3.0.0"
    resolved "http://registry.npm.taobao.org/pify/download/pify-3.0.0.tgz#e5a4acd2c101fdf3d9a4d07f0dbc4db49dd28176"
  
  pinkie-promise@^2.0.0:
    version "2.0.1"
    resolved "http://registry.npm.taobao.org/pinkie-promise/download/pinkie-promise-2.0.1.tgz#2135d6dfa7a358c069ac9b178776288228450ffa"
    dependencies:
      pinkie "^2.0.0"
  
  pinkie@^2.0.0:
    version "2.0.4"
    resolved "http://registry.npm.taobao.org/pinkie/download/pinkie-2.0.4.tgz#72556b80cfa0d48a974e80e77248e80ed4f7f870"
  
  pixelmatch@^4.0.2:
    version "4.0.2"
    resolved "http://registry.npm.taobao.org/pixelmatch/download/pixelmatch-4.0.2.tgz#8f47dcec5011b477b67db03c243bc1f3085e8854"
    dependencies:
      pngjs "^3.0.0"
  
  pkg-dir@^3.0.0:
    version "3.0.0"
    resolved "http://registry.npm.taobao.org/pkg-dir/download/pkg-dir-3.0.0.tgz#2749020f239ed990881b1f71210d51eb6523bea3"
    dependencies:
      find-up "^3.0.0"
  
  pngjs@^3.0.0, pngjs@^3.3.3:
    version "3.3.3"
    resolved "http://registry.npm.taobao.org/pngjs/download/pngjs-3.3.3.tgz#85173703bde3edac8998757b96e5821d0966a21b"
  
  portfinder@^1.0.13:
    version "1.0.20"
    resolved "http://registry.npm.taobao.org/portfinder/download/portfinder-1.0.20.tgz#bea68632e54b2e13ab7b0c4775e9b41bf270e44a"
    dependencies:
      async "^1.5.2"
      debug "^2.2.0"
      mkdirp "0.5.x"
  
  prepend-http@^1.0.1:
    version "1.0.4"
    resolved "http://registry.npm.taobao.org/prepend-http/download/prepend-http-1.0.4.tgz#d4f4562b0ce3696e41ac52d0e002e57a635dc6dc"
  
  process-nextick-args@~2.0.0:
    version "2.0.0"
    resolved "http://registry.npm.taobao.org/process-nextick-args/download/process-nextick-args-2.0.0.tgz#a37d732f4271b4ab1ad070d35508e8290788ffaa"
  
  progress@^2.0.1:
    version "2.0.2"
    resolved "http://registry.npm.taobao.org/progress/download/progress-2.0.2.tgz#db9476f916bcc9ebe8a04efb22b18b0740376c61"
  
  proto-list@~1.2.1:
    version "1.2.4"
    resolved "http://registry.npm.taobao.org/proto-list/download/proto-list-1.2.4.tgz#212d5bfe1318306a420f6402b8e26ff39647a849"
  
  proxy-from-env@^1.0.0:
    version "1.0.0"
    resolved "http://registry.npm.taobao.org/proxy-from-env/download/proxy-from-env-1.0.0.tgz#33c50398f70ea7eb96d21f7b817630a55791c7ee"
  
  pseudomap@^1.0.2:
    version "1.0.2"
    resolved "http://registry.npm.taobao.org/pseudomap/download/pseudomap-1.0.2.tgz#f052a28da70e618917ef0a8ac34c1ae5a68286b3"
  
  psl@^1.1.24:
    version "1.1.29"
    resolved "http://registry.npm.taobao.org/psl/download/psl-1.1.29.tgz#60f580d360170bb722a797cc704411e6da850c67"
  
  punycode@^1.4.1:
    version "1.4.1"
    resolved "http://registry.npm.taobao.org/punycode/download/punycode-1.4.1.tgz#c0d5a63b2718800ad8e1eb0fa5269c84dd41845e"
  
  punycode@^2.1.0:
    version "2.1.1"
    resolved "http://registry.npm.taobao.org/punycode/download/punycode-2.1.1.tgz#b58b010ac40c22c5657616c8d2c2c02c7bf479ec"
  
  puppeteer-to-istanbul@^1.2.2:
    version "1.2.2"
    resolved "http://registry.npm.taobao.org/puppeteer-to-istanbul/download/puppeteer-to-istanbul-1.2.2.tgz#e25d89b2ebe772ca731d8306b9a04e9c0a006bfa"
    dependencies:
      clone "^2.1.1"
      mkdirp "^0.5.1"
      v8-to-istanbul "^1.2.0"
      yargs "^11.0.0"
  
  puppeteer@^1.11.0:
    version "1.11.0"
    resolved "http://registry.npm.taobao.org/puppeteer/download/puppeteer-1.11.0.tgz#63cdbe12b07275cd6e0b94bce41f3fcb20305770"
    dependencies:
      debug "^4.1.0"
      extract-zip "^1.6.6"
      https-proxy-agent "^2.2.1"
      mime "^2.0.3"
      progress "^2.0.1"
      proxy-from-env "^1.0.0"
      rimraf "^2.6.1"
      ws "^6.1.0"
  
  qs@^6.5.2:
    version "6.6.0"
    resolved "http://registry.npm.taobao.org/qs/download/qs-6.6.0.tgz#a99c0f69a8d26bf7ef012f871cdabb0aee4424c2"
  
  qs@~2.3.3:
    version "2.3.3"
    resolved "http://registry.npm.taobao.org/qs/download/qs-2.3.3.tgz#e9e85adbe75da0bbe4c8e0476a086290f863b404"
  
  qs@~6.5.2:
    version "6.5.2"
    resolved "http://registry.npm.taobao.org/qs/download/qs-6.5.2.tgz#cb3ae806e8740444584ef154ce8ee98d403f3e36"
  
  raw-body@^2.3.3:
    version "2.3.3"
    resolved "http://registry.npm.taobao.org/raw-body/download/raw-body-2.3.3.tgz#1b324ece6b5706e153855bc1148c65bb7f6ea0c3"
    dependencies:
      bytes "3.0.0"
      http-errors "1.6.3"
      iconv-lite "0.4.23"
      unpipe "1.0.0"
  
  read-metadata@^1.0.0:
    version "1.0.0"
    resolved "http://registry.npm.taobao.org/read-metadata/download/read-metadata-1.0.0.tgz#6df9cbe51184e8ceb7d0668b40ee5191e6f3dac6"
    dependencies:
      yaml-js "0.0.8"
  
  read-pkg-up@^4.0.0:
    version "4.0.0"
    resolved "http://registry.npm.taobao.org/read-pkg-up/download/read-pkg-up-4.0.0.tgz#1b221c6088ba7799601c808f91161c66e58f8978"
    dependencies:
      find-up "^3.0.0"
      read-pkg "^3.0.0"
  
  read-pkg@^3.0.0:
    version "3.0.0"
    resolved "http://registry.npm.taobao.org/read-pkg/download/read-pkg-3.0.0.tgz#9cbc686978fee65d16c00e2b19c237fcf6e38389"
    dependencies:
      load-json-file "^4.0.0"
      normalize-package-data "^2.3.2"
      path-type "^3.0.0"
  
  readable-stream@^2.2.2, readable-stream@^2.3.0, readable-stream@^2.3.5:
    version "2.3.6"
    resolved "http://registry.npm.taobao.org/readable-stream/download/readable-stream-2.3.6.tgz#b11c27d88b8ff1fbe070643cf94b0c79ae1b0aaf"
    dependencies:
      core-util-is "~1.0.0"
      inherits "~2.0.3"
      isarray "~1.0.0"
      process-nextick-args "~2.0.0"
      safe-buffer "~5.1.1"
      string_decoder "~1.1.1"
      util-deprecate "~1.0.1"
  
  recursive-readdir@^2.1.0:
    version "2.2.2"
    resolved "http://registry.npm.taobao.org/recursive-readdir/download/recursive-readdir-2.2.2.tgz#9946fb3274e1628de6e36b2f6714953b4845094f"
    dependencies:
      minimatch "3.0.4"
  
  release-zalgo@^1.0.0:
    version "1.0.0"
    resolved "http://registry.npm.taobao.org/release-zalgo/download/release-zalgo-1.0.0.tgz#09700b7e5074329739330e535c5a90fb67851730"
    dependencies:
      es6-error "^4.0.1"
  
  request@^2.67.0:
    version "2.88.0"
    resolved "http://registry.npm.taobao.org/request/download/request-2.88.0.tgz#9c2fca4f7d35b592efe57c7f0a55e81052124fef"
    dependencies:
      aws-sign2 "~0.7.0"
      aws4 "^1.8.0"
      caseless "~0.12.0"
      combined-stream "~1.0.6"
      extend "~3.0.2"
      forever-agent "~0.6.1"
      form-data "~2.3.2"
      har-validator "~5.1.0"
      http-signature "~1.2.0"
      is-typedarray "~1.0.0"
      isstream "~0.1.2"
      json-stringify-safe "~5.0.1"
      mime-types "~2.1.19"
      oauth-sign "~0.9.0"
      performance-now "^2.1.0"
      qs "~6.5.2"
      safe-buffer "^5.1.2"
      tough-cookie "~2.4.3"
      tunnel-agent "^0.6.0"
      uuid "^3.3.2"
  
  require-directory@^2.1.1:
    version "2.1.1"
    resolved "http://registry.npm.taobao.org/require-directory/download/require-directory-2.1.1.tgz#8c64ad5fd30dab1c976e2344ffe7f792a6a6df42"
  
  require-main-filename@^1.0.1:
    version "1.0.1"
    resolved "http://registry.npm.taobao.org/require-main-filename/download/require-main-filename-1.0.1.tgz#97f717b69d48784f5f526a6c5aa8ffdda055a4d1"
  
  requires-port@^1.0.0:
    version "1.0.0"
    resolved "http://registry.npm.taobao.org/requires-port/download/requires-port-1.0.0.tgz#925d2601d39ac485e091cf0da5c6e694dc3dcaff"
  
  resolve-from@^4.0.0:
    version "4.0.0"
    resolved "http://registry.npm.taobao.org/resolve-from/download/resolve-from-4.0.0.tgz#4abcd852ad32dd7baabfe9b40e00a36db5f392e6"
  
  restore-cursor@^2.0.0:
    version "2.0.0"
    resolved "http://registry.npm.taobao.org/restore-cursor/download/restore-cursor-2.0.0.tgz#9f7ee287f82fd326d4fd162923d62129eee0dfaf"
    dependencies:
      onetime "^2.0.0"
      signal-exit "^3.0.2"
  
  rimraf@^2.2.8, rimraf@^2.5.0, rimraf@^2.6.1, rimraf@^2.6.2:
    version "2.6.2"
    resolved "http://registry.npm.taobao.org/rimraf/download/rimraf-2.6.2.tgz#2ed8150d24a16ea8651e6d6ef0f47c4158ce7a36"
    dependencies:
      glob "^7.0.5"
  
  run-async@^2.2.0:
    version "2.3.0"
    resolved "http://registry.npm.taobao.org/run-async/download/run-async-2.3.0.tgz#0371ab4ae0bdd720d4166d7dfda64ff7a445a6c0"
    dependencies:
      is-promise "^2.1.0"
  
  rxjs@^6.1.0:
    version "6.3.3"
    resolved "http://registry.npm.taobao.org/rxjs/download/rxjs-6.3.3.tgz#3c6a7fa420e844a81390fb1158a9ec614f4bad55"
    dependencies:
      tslib "^1.9.0"
  
  safe-buffer@^5.0.1, safe-buffer@^5.1.1, safe-buffer@^5.1.2, safe-buffer@~5.1.0, safe-buffer@~5.1.1:
    version "5.1.2"
    resolved "http://registry.npm.taobao.org/safe-buffer/download/safe-buffer-5.1.2.tgz#991ec69d296e0313747d59bdfd2b745c35f8828d"
  
  "safer-buffer@>= 2.1.2 < 3", safer-buffer@^2.0.2, safer-buffer@^2.1.0, safer-buffer@~2.1.0:
    version "2.1.2"
    resolved "http://registry.npm.taobao.org/safer-buffer/download/safer-buffer-2.1.2.tgz#44fa161b0187b9549dd84bb91802f9bd8385cd6a"
  
  seek-bzip@^1.0.5:
    version "1.0.5"
    resolved "http://registry.npm.taobao.org/seek-bzip/download/seek-bzip-1.0.5.tgz#cfe917cb3d274bcffac792758af53173eb1fabdc"
    dependencies:
      commander "~2.8.1"
  
  "semver@2 || 3 || 4 || 5", semver@^5.1.0, semver@^5.5.0:
    version "5.6.0"
    resolved "http://registry.npm.taobao.org/semver/download/semver-5.6.0.tgz#7e74256fbaa49c75aa7c7a205cc22799cac80004"
  
  set-blocking@^2.0.0:
    version "2.0.0"
    resolved "http://registry.npm.taobao.org/set-blocking/download/set-blocking-2.0.0.tgz#045f9782d011ae9a6803ddd382b24392b3d890f7"
  
  setprototypeof@1.1.0:
    version "1.1.0"
    resolved "http://registry.npm.taobao.org/setprototypeof/download/setprototypeof-1.1.0.tgz#d0bd85536887b6fe7c0d818cb962d9d91c54e656"
  
  shebang-command@^1.2.0:
    version "1.2.0"
    resolved "http://registry.npm.taobao.org/shebang-command/download/shebang-command-1.2.0.tgz#44aac65b695b03398968c39f363fee5deafdf1ea"
    dependencies:
      shebang-regex "^1.0.0"
  
  shebang-regex@^1.0.0:
    version "1.0.0"
    resolved "http://registry.npm.taobao.org/shebang-regex/download/shebang-regex-1.0.0.tgz#da42f49740c0b42db2ca9728571cb190c98efea3"
  
  signal-exit@^3.0.0, signal-exit@^3.0.2:
    version "3.0.2"
    resolved "http://registry.npm.taobao.org/signal-exit/download/signal-exit-3.0.2.tgz#b5fdc08f1287ea1178628e415e25132b73646c6d"
  
  source-map@^0.5.0:
    version "0.5.7"
    resolved "http://registry.npm.taobao.org/source-map/download/source-map-0.5.7.tgz#8a039d2d1021d22d1ea14c80d8ea468ba2ef3fcc"
  
  source-map@^0.6.1, source-map@~0.6.1:
    version "0.6.1"
    resolved "http://registry.npm.taobao.org/source-map/download/source-map-0.6.1.tgz#74722af32e9614e9c287a8d0bbde48b5e2f1a263"
  
  spawn-wrap@^1.4.2:
    version "1.4.2"
    resolved "http://registry.npm.taobao.org/spawn-wrap/download/spawn-wrap-1.4.2.tgz#cff58e73a8224617b6561abdc32586ea0c82248c"
    dependencies:
      foreground-child "^1.5.6"
      mkdirp "^0.5.0"
      os-homedir "^1.0.1"
      rimraf "^2.6.2"
      signal-exit "^3.0.2"
      which "^1.3.0"
  
  spdx-correct@^3.0.0:
    version "3.0.2"
    resolved "http://registry.npm.taobao.org/spdx-correct/download/spdx-correct-3.0.2.tgz#19bb409e91b47b1ad54159243f7312a858db3c2e"
    dependencies:
      spdx-expression-parse "^3.0.0"
      spdx-license-ids "^3.0.0"
  
  spdx-exceptions@^2.1.0:
    version "2.2.0"
    resolved "http://registry.npm.taobao.org/spdx-exceptions/download/spdx-exceptions-2.2.0.tgz#2ea450aee74f2a89bfb94519c07fcd6f41322977"
  
  spdx-expression-parse@^3.0.0:
    version "3.0.0"
    resolved "http://registry.npm.taobao.org/spdx-expression-parse/download/spdx-expression-parse-3.0.0.tgz#99e119b7a5da00e05491c9fa338b7904823b41d0"
    dependencies:
      spdx-exceptions "^2.1.0"
      spdx-license-ids "^3.0.0"
  
  spdx-license-ids@^3.0.0:
    version "3.0.2"
    resolved "http://registry.npm.taobao.org/spdx-license-ids/download/spdx-license-ids-3.0.2.tgz#a59efc09784c2a5bada13cfeaf5c75dd214044d2"
  
  sprintf-js@~1.0.2:
    version "1.0.3"
    resolved "http://registry.npm.taobao.org/sprintf-js/download/sprintf-js-1.0.3.tgz#04e6926f662895354f3dd015203633b857297e2c"
  
  sshpk@^1.7.0:
    version "1.15.2"
    resolved "http://registry.npm.taobao.org/sshpk/download/sshpk-1.15.2.tgz#c946d6bd9b1a39d0e8635763f5242d6ed6dcb629"
    dependencies:
      asn1 "~0.2.3"
      assert-plus "^1.0.0"
      bcrypt-pbkdf "^1.0.0"
      dashdash "^1.12.0"
      ecc-jsbn "~0.1.1"
      getpass "^0.1.1"
      jsbn "~0.1.0"
      safer-buffer "^2.0.2"
      tweetnacl "~0.14.0"
  
  stat-mode@^0.2.0:
    version "0.2.2"
    resolved "http://registry.npm.taobao.org/stat-mode/download/stat-mode-0.2.2.tgz#e6c80b623123d7d80cf132ce538f346289072502"
  
  "statuses@>= 1.4.0 < 2", "statuses@>= 1.5.0 < 2", statuses@^1.5.0:
    version "1.5.0"
    resolved "http://registry.npm.taobao.org/statuses/download/statuses-1.5.0.tgz#161c7dac177659fd9811f43771fa99381478628c"
  
  string-width@^1.0.1:
    version "1.0.2"
    resolved "http://registry.npm.taobao.org/string-width/download/string-width-1.0.2.tgz#118bdf5b8cdc51a2a7e70d211e07e2b0b9b107d3"
    dependencies:
      code-point-at "^1.0.0"
      is-fullwidth-code-point "^1.0.0"
      strip-ansi "^3.0.0"
  
  string-width@^2.0.0, string-width@^2.1.0, string-width@^2.1.1:
    version "2.1.1"
    resolved "http://registry.npm.taobao.org/string-width/download/string-width-2.1.1.tgz#ab93f27a8dc13d28cac815c462143a6d9012ae9e"
    dependencies:
      is-fullwidth-code-point "^2.0.0"
      strip-ansi "^4.0.0"
  
  string_decoder@~1.1.1:
    version "1.1.1"
    resolved "http://registry.npm.taobao.org/string_decoder/download/string_decoder-1.1.1.tgz#9cf1611ba62685d7030ae9e4ba34149c3af03fc8"
    dependencies:
      safe-buffer "~5.1.0"
  
  strip-ansi@^3.0.0, strip-ansi@^3.0.1:
    version "3.0.1"
    resolved "http://registry.npm.taobao.org/strip-ansi/download/strip-ansi-3.0.1.tgz#6a385fb8853d952d5ff05d0e8aaf94278dc63dcf"
    dependencies:
      ansi-regex "^2.0.0"
  
  strip-ansi@^4.0.0:
    version "4.0.0"
    resolved "http://registry.npm.taobao.org/strip-ansi/download/strip-ansi-4.0.0.tgz#a8479022eb1ac368a871389b635262c505ee368f"
    dependencies:
      ansi-regex "^3.0.0"
  
  strip-ansi@^5.0.0:
    version "5.0.0"
    resolved "http://registry.npm.taobao.org/strip-ansi/download/strip-ansi-5.0.0.tgz#f78f68b5d0866c20b2c9b8c61b5298508dc8756f"
    dependencies:
      ansi-regex "^4.0.0"
  
  strip-bom@^3.0.0:
    version "3.0.0"
    resolved "http://registry.npm.taobao.org/strip-bom/download/strip-bom-3.0.0.tgz#2334c18e9c759f7bdd56fdef7e9ae3d588e68ed3"
  
  strip-dirs@^2.0.0:
    version "2.1.0"
    resolved "http://registry.npm.taobao.org/strip-dirs/download/strip-dirs-2.1.0.tgz#4987736264fc344cf20f6c34aca9d13d1d4ed6c5"
    dependencies:
      is-natural-number "^4.0.1"
  
  strip-eof@^1.0.0:
    version "1.0.0"
    resolved "http://registry.npm.taobao.org/strip-eof/download/strip-eof-1.0.0.tgz#bb43ff5598a6eb05d89b59fcd129c983313606bf"
  
  strip-outer@^1.0.0:
    version "1.0.1"
    resolved "http://registry.npm.taobao.org/strip-outer/download/strip-outer-1.0.1.tgz#b2fd2abf6604b9d1e6013057195df836b8a9d631"
    dependencies:
      escape-string-regexp "^1.0.2"
  
  supports-color@^2.0.0:
    version "2.0.0"
    resolved "http://registry.npm.taobao.org/supports-color/download/supports-color-2.0.0.tgz#535d045ce6b6363fa40117084629995e9df324c7"
  
  supports-color@^5.3.0, supports-color@^5.4.0:
    version "5.5.0"
    resolved "http://registry.npm.taobao.org/supports-color/download/supports-color-5.5.0.tgz#e2e69a44ac8772f78a1ec0b35b689df6530efc8f"
    dependencies:
      has-flag "^3.0.0"
  
  tar-stream@^1.5.2:
    version "1.6.2"
    resolved "http://registry.npm.taobao.org/tar-stream/download/tar-stream-1.6.2.tgz#8ea55dab37972253d9a9af90fdcd559ae435c555"
    dependencies:
      bl "^1.0.0"
      buffer-alloc "^1.2.0"
      end-of-stream "^1.0.0"
      fs-constants "^1.0.0"
      readable-stream "^2.3.0"
      to-buffer "^1.1.1"
      xtend "^4.0.0"
  
  test-exclude@^5.0.0:
    version "5.0.0"
    resolved "http://registry.npm.taobao.org/test-exclude/download/test-exclude-5.0.0.tgz#cdce7cece785e0e829cd5c2b27baf18bc583cfb7"
    dependencies:
      arrify "^1.0.1"
      minimatch "^3.0.4"
      read-pkg-up "^4.0.0"
      require-main-filename "^1.0.1"
  
  through@^2.3.6:
    version "2.3.8"
    resolved "http://registry.npm.taobao.org/through/download/through-2.3.8.tgz#0dd4c9ffaabc357960b1b724115d7e0e86a2e1f5"
  
  thunkify-wrap@~1.0.4:
    version "1.0.4"
    resolved "http://registry.npm.taobao.org/thunkify-wrap/download/thunkify-wrap-1.0.4.tgz#b52be548ddfefda20e00b58c6096762b43dd6880"
    dependencies:
      enable "1"
  
  thunkify@^2.1.2:
    version "2.1.2"
    resolved "http://registry.npm.taobao.org/thunkify/download/thunkify-2.1.2.tgz#faa0e9d230c51acc95ca13a361ac05ca7e04553d"
  
  tildify@^1.2.0:
    version "1.2.0"
    resolved "http://registry.npm.taobao.org/tildify/download/tildify-1.2.0.tgz#dcec03f55dca9b7aa3e5b04f21817eb56e63588a"
    dependencies:
      os-homedir "^1.0.0"
  
  timed-out@^4.0.0:
    version "4.0.1"
    resolved "http://registry.npm.taobao.org/timed-out/download/timed-out-4.0.1.tgz#f32eacac5a175bea25d7fab565ab3ed8741ef56f"
  
  tmp@^0.0.33:
    version "0.0.33"
    resolved "http://registry.npm.taobao.org/tmp/download/tmp-0.0.33.tgz#6d34335889768d21b2bcda0aa277ced3b1bfadf9"
    dependencies:
      os-tmpdir "~1.0.2"
  
  to-buffer@^1.1.1:
    version "1.1.1"
    resolved "http://registry.npm.taobao.org/to-buffer/download/to-buffer-1.1.1.tgz#493bd48f62d7c43fcded313a03dcadb2e1213a80"
  
  to-fast-properties@^2.0.0:
    version "2.0.0"
    resolved "http://registry.npm.taobao.org/to-fast-properties/download/to-fast-properties-2.0.0.tgz#dc5e698cbd079265bc73e0377681a4e4e83f616e"
  
  toidentifier@1.0.0:
    version "1.0.0"
    resolved "http://registry.npm.taobao.org/toidentifier/download/toidentifier-1.0.0.tgz#7e1be3470f1e77948bc43d94a3c8f4d7752ba553"
  
  toml@^2.3.2:
    version "2.3.3"
    resolved "http://registry.npm.taobao.org/toml/download/toml-2.3.3.tgz#8d683d729577cb286231dfc7a8affe58d31728fb"
  
  tough-cookie@~2.4.3:
    version "2.4.3"
    resolved "http://registry.npm.taobao.org/tough-cookie/download/tough-cookie-2.4.3.tgz#53f36da3f47783b0925afa06ff9f3b165280f781"
    dependencies:
      psl "^1.1.24"
      punycode "^1.4.1"
  
  trim-repeated@^1.0.0:
    version "1.0.0"
    resolved "http://registry.npm.taobao.org/trim-repeated/download/trim-repeated-1.0.0.tgz#e3646a2ea4e891312bf7eace6cfb05380bc01c21"
    dependencies:
      escape-string-regexp "^1.0.2"
  
  trim-right@^1.0.1:
    version "1.0.1"
    resolved "http://registry.npm.taobao.org/trim-right/download/trim-right-1.0.1.tgz#cb2e1203067e0c8de1f614094b9fe45704ea6003"
  
  tslib@^1.9.0:
    version "1.9.3"
    resolved "http://registry.npm.taobao.org/tslib/download/tslib-1.9.3.tgz#d7e4dd79245d85428c4d7e4822a79917954ca286"
  
  tunnel-agent@^0.6.0:
    version "0.6.0"
    resolved "http://registry.npm.taobao.org/tunnel-agent/download/tunnel-agent-0.6.0.tgz#27a5dea06b36b04a0a9966774b290868f0fc40fd"
    dependencies:
      safe-buffer "^5.0.1"
  
  tweetnacl@^0.14.3, tweetnacl@~0.14.0:
    version "0.14.5"
    resolved "http://registry.npm.taobao.org/tweetnacl/download/tweetnacl-0.14.5.tgz#5ae68177f192d4456269d108afa93ff8743f4f64"
  
  type-is@^1.6.16:
    version "1.6.16"
    resolved "http://registry.npm.taobao.org/type-is/download/type-is-1.6.16.tgz#f89ce341541c672b25ee7ae3c73dee3b2be50194"
    dependencies:
      media-typer "0.3.0"
      mime-types "~2.1.18"
  
  typedarray@^0.0.6:
    version "0.0.6"
    resolved "http://registry.npm.taobao.org/typedarray/download/typedarray-0.0.6.tgz#867ac74e3864187b1d3d47d996a78ec5c8830777"
  
  uglify-js@^3.1.4:
    version "3.4.9"
    resolved "http://registry.npm.taobao.org/uglify-js/download/uglify-js-3.4.9.tgz#af02f180c1207d76432e473ed24a28f4a782bae3"
    dependencies:
      commander "~2.17.1"
      source-map "~0.6.1"
  
  uid@0.0.2:
    version "0.0.2"
    resolved "http://registry.npm.taobao.org/uid/download/uid-0.0.2.tgz#5e4a5d4b78138b4f70f89fd3c76fc59aa9d2f103"
  
  unbzip2-stream@^1.0.9:
    version "1.3.1"
    resolved "http://registry.npm.taobao.org/unbzip2-stream/download/unbzip2-stream-1.3.1.tgz#7854da51622a7e63624221196357803b552966a1"
    dependencies:
      buffer "^3.0.1"
      through "^2.3.6"
  
  union@~0.4.3:
    version "0.4.6"
    resolved "http://registry.npm.taobao.org/union/download/union-0.4.6.tgz#198fbdaeba254e788b0efcb630bc11f24a2959e0"
    dependencies:
      qs "~2.3.3"
  
  unpipe@1.0.0:
    version "1.0.0"
    resolved "http://registry.npm.taobao.org/unpipe/download/unpipe-1.0.0.tgz#b2bf4ee8514aae6165b4817829d21b2ef49904ec"
  
  unyield@0.0.1:
    version "0.0.1"
    resolved "http://registry.npm.taobao.org/unyield/download/unyield-0.0.1.tgz#150e65da42bf7742445b958a64eb9b85d1d2b180"
    dependencies:
      co "~3.1.0"
  
  unzip-response@^2.0.1:
    version "2.0.1"
    resolved "http://registry.npm.taobao.org/unzip-response/download/unzip-response-2.0.1.tgz#d2f0f737d16b0615e72a6935ed04214572d56f97"
  
  uri-js@^4.2.2:
    version "4.2.2"
    resolved "http://registry.npm.taobao.org/uri-js/download/uri-js-4.2.2.tgz#94c540e1ff772956e2299507c010aea6c8838eb0"
    dependencies:
      punycode "^2.1.0"
  
  urijs@^1.19.0:
    version "1.19.1"
    resolved "http://registry.npm.taobao.org/urijs/download/urijs-1.19.1.tgz#5b0ff530c0cbde8386f6342235ba5ca6e995d25a"
  
  url-join@^2.0.5:
    version "2.0.5"
    resolved "http://registry.npm.taobao.org/url-join/download/url-join-2.0.5.tgz#5af22f18c052a000a48d7b82c5e9c2e2feeda728"
  
  url-parse-lax@^1.0.0:
    version "1.0.0"
    resolved "http://registry.npm.taobao.org/url-parse-lax/download/url-parse-lax-1.0.0.tgz#7af8f303645e9bd79a272e7a14ac68bc0609da73"
    dependencies:
      prepend-http "^1.0.1"
  
  url-to-options@^1.0.1:
    version "1.0.1"
    resolved "http://registry.npm.taobao.org/url-to-options/download/url-to-options-1.0.1.tgz#1505a03a289a48cbd7a434efbaeec5055f5633a9"
  
  user-home@^2.0.0:
    version "2.0.0"
    resolved "http://registry.npm.taobao.org/user-home/download/user-home-2.0.0.tgz#9c70bfd8169bc1dcbf48604e0f04b8b49cde9e9f"
    dependencies:
      os-homedir "^1.0.0"
  
  util-deprecate@~1.0.1:
    version "1.0.2"
    resolved "http://registry.npm.taobao.org/util-deprecate/download/util-deprecate-1.0.2.tgz#450d4dc9fa70de732762fbd2d4a28981419a0ccf"
  
  uuid@^3.3.2:
    version "3.3.2"
    resolved "http://registry.npm.taobao.org/uuid/download/uuid-3.3.2.tgz#1b4af4955eb3077c501c23872fc6513811587131"
  
  v8-to-istanbul@^1.2.0:
    version "1.2.1"
    resolved "http://registry.npm.taobao.org/v8-to-istanbul/download/v8-to-istanbul-1.2.1.tgz#8f63a94b7f91243f5dcc6a495540b5653beb1279"
  
  validate-npm-package-license@^3.0.1:
    version "3.0.4"
    resolved "http://registry.npm.taobao.org/validate-npm-package-license/download/validate-npm-package-license-3.0.4.tgz#fc91f6b9c7ba15c857f4cb2c5defeec39d4f410a"
    dependencies:
      spdx-correct "^3.0.0"
      spdx-expression-parse "^3.0.0"
  
  validate-npm-package-name@^3.0.0:
    version "3.0.0"
    resolved "http://registry.npm.taobao.org/validate-npm-package-name/download/validate-npm-package-name-3.0.0.tgz#5fa912d81eb7d0c74afc140de7317f0ca7df437e"
    dependencies:
      builtins "^1.0.3"
  
  vary@^1.1.2:
    version "1.1.2"
    resolved "http://registry.npm.taobao.org/vary/download/vary-1.1.2.tgz#2299f02c6ded30d4a5961b0b9f74524a18f634fc"
  
  verror@1.10.0:
    version "1.10.0"
    resolved "http://registry.npm.taobao.org/verror/download/verror-1.10.0.tgz#3a105ca17053af55d6e270c1f8288682e18da400"
    dependencies:
      assert-plus "^1.0.0"
      core-util-is "1.0.2"
      extsprintf "^1.2.0"
  
  vue-cli@^2.9.6:
    version "2.9.6"
    resolved "http://registry.npm.taobao.org/vue-cli/download/vue-cli-2.9.6.tgz#afc3cc6ce6de350d89876fee2dc163d0b83e0136"
    dependencies:
      uid "0.0.2"
      async "^2.4.0"
      chalk "^2.1.0"
      coffee-script "1.12.7"
      commander "^2.9.0"
      consolidate "^0.14.0"
      download-git-repo "^1.0.1"
      handlebars "^4.0.5"
      inquirer "^6.0.0"
      metalsmith "^2.1.0"
      minimatch "^3.0.0"
      multimatch "^2.1.0"
      ora "^1.3.0"
      read-metadata "^1.0.0"
      request "^2.67.0"
      rimraf "^2.5.0"
      semver "^5.1.0"
      tildify "^1.2.0"
      user-home "^2.0.0"
      validate-npm-package-name "^3.0.0"
  
  vue@^2.5.17:
    version "2.5.17"
    resolved "http://registry.npm.taobao.org/vue/download/vue-2.5.17.tgz#0f8789ad718be68ca1872629832ed533589c6ada"
  
  ware@^1.2.0:
    version "1.3.0"
    resolved "http://registry.npm.taobao.org/ware/download/ware-1.3.0.tgz#d1b14f39d2e2cb4ab8c4098f756fe4b164e473d4"
    dependencies:
      wrap-fn "^0.1.0"
  
  which-module@^2.0.0:
    version "2.0.0"
    resolved "http://registry.npm.taobao.org/which-module/download/which-module-2.0.0.tgz#d9ef07dce77b9902b8a3a8fa4b31c3e3f7e6e87a"
  
  which@^1.2.9, which@^1.3.0:
    version "1.3.1"
    resolved "http://registry.npm.taobao.org/which/download/which-1.3.1.tgz#a45043d54f5805316da8d62f9f50918d3da70b0a"
    dependencies:
      isexe "^2.0.0"
  
  win-fork@^1.1.1:
    version "1.1.1"
    resolved "http://registry.npm.taobao.org/win-fork/download/win-fork-1.1.1.tgz#8f58e0656fca00adc8c86a2b89e3cd2d6a2d5e5e"
  
  wordwrap@~0.0.2:
    version "0.0.3"
    resolved "http://registry.npm.taobao.org/wordwrap/download/wordwrap-0.0.3.tgz#a3d5da6cd5c0bc0008d37234bbaf1bed63059107"
  
  wrap-ansi@^2.0.0:
    version "2.1.0"
    resolved "http://registry.npm.taobao.org/wrap-ansi/download/wrap-ansi-2.1.0.tgz#d8fc3d284dd05794fe84973caecdd1cf824fdd85"
    dependencies:
      string-width "^1.0.1"
      strip-ansi "^3.0.1"
  
  wrap-fn@^0.1.0:
    version "0.1.5"
    resolved "http://registry.npm.taobao.org/wrap-fn/download/wrap-fn-0.1.5.tgz#f21b6e41016ff4a7e31720dbc63a09016bdf9845"
    dependencies:
      co "3.1.0"
  
  wrappy@1:
    version "1.0.2"
    resolved "http://registry.npm.taobao.org/wrappy/download/wrappy-1.0.2.tgz#b5243d8f3ec1aa35f1364605bc0d1036e30ab69f"
  
  write-file-atomic@^2.0.0:
    version "2.3.0"
    resolved "http://registry.npm.taobao.org/write-file-atomic/download/write-file-atomic-2.3.0.tgz#1ff61575c2e2a4e8e510d6fa4e243cce183999ab"
    dependencies:
      graceful-fs "^4.1.11"
      imurmurhash "^0.1.4"
      signal-exit "^3.0.2"
  
  ws@^6.1.0:
    version "6.1.2"
    resolved "http://registry.npm.taobao.org/ws/download/ws-6.1.2.tgz#3cc7462e98792f0ac679424148903ded3b9c3ad8"
    dependencies:
      async-limiter "~1.0.0"
  
  xtend@^4.0.0:
    version "4.0.1"
    resolved "http://registry.npm.taobao.org/xtend/download/xtend-4.0.1.tgz#a5c6d532be656e23db820efb943a1f04998d63af"
  
  y18n@^3.2.1:
    version "3.2.1"
    resolved "http://registry.npm.taobao.org/y18n/download/y18n-3.2.1.tgz#6d15fba884c08679c0d77e88e7759e811e07fa41"
  
  yallist@^2.1.2:
    version "2.1.2"
    resolved "http://registry.npm.taobao.org/yallist/download/yallist-2.1.2.tgz#1c11f9218f076089a47dd512f93c6699a6a81d52"
  
  yaml-js@0.0.8:
    version "0.0.8"
    resolved "http://registry.npm.taobao.org/yaml-js/download/yaml-js-0.0.8.tgz#87cfa5a9613f48e26005420d6a8ee0da6fe8daec"
  
  yargs-parser@^9.0.2:
    version "9.0.2"
    resolved "http://registry.npm.taobao.org/yargs-parser/download/yargs-parser-9.0.2.tgz#9ccf6a43460fe4ed40a9bb68f48d43b8a68cc077"
    dependencies:
      camelcase "^4.1.0"
  
  yargs@11.1.0, yargs@^11.0.0:
    version "11.1.0"
    resolved "http://registry.npm.taobao.org/yargs/download/yargs-11.1.0.tgz#90b869934ed6e871115ea2ff58b03f4724ed2d77"
    dependencies:
      cliui "^4.0.0"
      decamelize "^1.1.1"
      find-up "^2.1.0"
      get-caller-file "^1.0.1"
      os-locale "^2.0.0"
      require-directory "^2.1.1"
      require-main-filename "^1.0.1"
      set-blocking "^2.0.0"
      string-width "^2.0.0"
      which-module "^2.0.0"
      y18n "^3.2.1"
      yargs-parser "^9.0.2"
  
  yauzl@2.4.1:
    version "2.4.1"
    resolved "http://registry.npm.taobao.org/yauzl/download/yauzl-2.4.1.tgz#9528f442dab1b2284e58b4379bb194e22e0c4005"
    dependencies:
      fd-slicer "~1.0.1"
  
  yauzl@^2.4.2:
    version "2.10.0"
    resolved "http://registry.npm.taobao.org/yauzl/download/yauzl-2.10.0.tgz#c7eb17c93e112cb1086fa6d8e51fb0667b79a5f9"
    dependencies:
      buffer-crc32 "~0.2.3"
      fd-slicer "~1.1.0"
  
  ylru@^1.2.0:
    version "1.2.1"
    resolved "http://registry.npm.taobao.org/ylru/download/ylru-1.2.1.tgz#f576b63341547989c1de7ba288760923b27fe84f"
